"../../../../../Projects/Django/BeatabelAPI/beatabel/Unreal/beatabel/Content/Beatabel/Character/Mesh/SK_Mannequin_Arms_Skeleton.uasset" 0
"../../../../../Projects/Django/BeatabelAPI/beatabel/Unreal/beatabel/Content/Beatabel/Animations/FirstPerson_Fire.uasset" 1
"../../../../../Projects/Django/BeatabelAPI/beatabel/Unreal/beatabel/Content/Beatabel/Animations/FirstPersonFire_Montage.uasset" 2
"../../../../../Projects/Django/BeatabelAPI/beatabel/Unreal/beatabel/Content/Beatabel/Audio/FirstPersonTemplateWeaponFire02.uasset" 3
"../../../../../Projects/Django/BeatabelAPI/beatabel/Unreal/beatabel/Content/Beatabel/Audio/Flume_X_Greenpeace.uasset" 4
"../../../../../Projects/Django/BeatabelAPI/beatabel/Unreal/beatabel/Content/Beatabel/Animations/FirstPerson_Idle.uasset" 5
"../../../../../Projects/Django/BeatabelAPI/beatabel/Unreal/beatabel/Content/Beatabel/Animations/FirstPerson_JumpEnd.uasset" 6
"../../../../../Projects/Django/BeatabelAPI/beatabel/Unreal/beatabel/Content/Beatabel/Animations/FirstPerson_JumpLoop.uasset" 7
"../../../../../Projects/Django/BeatabelAPI/beatabel/Unreal/beatabel/Content/Beatabel/Animations/FirstPerson_JumpStart.uasset" 8
"../../../../../Projects/Django/BeatabelAPI/beatabel/Unreal/beatabel/Content/Beatabel/Animations/FirstPerson_Run.uasset" 9
"../../../Engine/Content/EditorBlueprintResources/StandardMacros.uasset" 10
"../../../../../Projects/Django/BeatabelAPI/beatabel/Unreal/beatabel/Content/Beatabel/Animations/FirstPerson_AnimBP.uasset" 11
"../../../../../Projects/Django/BeatabelAPI/beatabel/Unreal/beatabel/Content/Beatabel/Character/Mesh/Default__FirstPersonAnimBlueprint_Copy_C.uasset" 12
"../../../../../Projects/Django/BeatabelAPI/beatabel/Unreal/beatabel/Content/Beatabel/Character/Mesh/FirstPersonAnimBlueprint_Copy.uasset" 13
"../../../../../Projects/Django/BeatabelAPI/beatabel/Unreal/beatabel/Content/Beatabel/Character/Mesh/FirstPersonAnimBlueprint_Copy_C.uasset" 14
"../../../../../Projects/Django/BeatabelAPI/beatabel/Unreal/beatabel/Content/Beatabel/Character/Textures/UE4_LOGO_CARD.uasset" 15
"../../../../../Projects/Django/BeatabelAPI/beatabel/Unreal/beatabel/Content/Beatabel/FPWeapon/Materials/MaterialLayers/ML_Plastic_Shiny_Beige_LOGO.uasset" 16
"../../../../../Projects/Django/BeatabelAPI/beatabel/Unreal/beatabel/Content/Beatabel/FPWeapon/Materials/MaterialLayers/T_ML_FineRubber.uasset" 17
"../../../../../Projects/Django/BeatabelAPI/beatabel/Unreal/beatabel/Content/Beatabel/FPWeapon/Mesh/SK_FPGun_PhysicsAsset.uasset" 18
"../../../../../Projects/Django/BeatabelAPI/beatabel/Unreal/beatabel/Content/Beatabel/Meshes/BaseMaterial.uasset" 19
"../../../../../Projects/Django/BeatabelAPI/beatabel/Unreal/beatabel/Content/Beatabel/Meshes/CubeMaterialOverride.uasset" 20
"../../../../../Projects/Django/BeatabelAPI/beatabel/Unreal/beatabel/Content/Beatabel/Meshes/DefaultMaterial.uasset" 21
"../../../../../Projects/Django/BeatabelAPI/beatabel/Unreal/beatabel/Content/Beatabel/Textures/Painting/T_Brush_01.uasset" 22
"../../../../../Projects/Django/BeatabelAPI/beatabel/Unreal/beatabel/Content/Beatabel/Textures/Painting/T_Brush_02.uasset" 23
"../../../../../Projects/Django/BeatabelAPI/beatabel/Unreal/beatabel/Content/Beatabel/Textures/Painting/T_Brush_03.uasset" 24
"../../../../../Projects/Django/BeatabelAPI/beatabel/Unreal/beatabel/Content/Blueprints/Overview.uasset" 25
"../../../../../Projects/Django/BeatabelAPI/beatabel/Unreal/beatabel/Content/Beatabel/Meshes/FirstPersonProjectileMaterial.uasset" 26
"../../../../../Projects/Django/BeatabelAPI/beatabel/Unreal/beatabel/Content/Beatabel/Meshes/FirstPersonProjectileMesh.uasset" 27
"../../../../../Projects/Django/BeatabelAPI/beatabel/Unreal/beatabel/Content/Blueprints/Character/FirstPersonProjectile.uasset" 28
"../../../../../Projects/Django/BeatabelAPI/beatabel/Unreal/beatabel/Content/Blueprints/MainMenu/CameraRot.uasset" 29
"../../../../../Projects/Django/BeatabelAPI/beatabel/Unreal/beatabel/Content/Blueprints/UI/Test/T_LoadingOverlay.uasset" 30
"../../../../../Projects/Django/BeatabelAPI/beatabel/Unreal/beatabel/Content/Blueprints/MainMenu/LoadingtForVR.uasset" 31
"../../../../../Projects/Django/BeatabelAPI/beatabel/Unreal/beatabel/Content/Blueprints/MainMenu/Menu.uasset" 32
"../../../../../Projects/Django/BeatabelAPI/beatabel/Unreal/beatabel/Content/Blueprints/UI/Test/T_Toast.uasset" 33
"../../../../../Projects/Django/BeatabelAPI/beatabel/Unreal/beatabel/Content/Blueprints/MainMenu/toastForVR.uasset" 34
"../../../../../Projects/Django/BeatabelAPI/beatabel/Unreal/beatabel/Content/Blueprints/UI/Test/T_Help.uasset" 35
"../../../../../Projects/Django/BeatabelAPI/beatabel/Unreal/beatabel/Content/Geometry/Meshes/CubeMaterial.uasset" 36
"../../../../../Projects/Django/BeatabelAPI/beatabel/Unreal/beatabel/Content/Geometry/Meshes/1M_Cube_Chamfer.uasset" 37
"../../../Engine/Content/EngineMaterials/BaseFlattenDiffuseMap.uasset" 38
"../../../Engine/Content/EngineMaterials/BaseFlattenEmissiveMap.uasset" 39
"../../../Engine/Content/EngineMaterials/BaseFlattenGrayscaleMap.uasset" 40
"../../../Engine/Content/EngineMaterials/BaseFlattenNormalMap.uasset" 41
"../../../Engine/Content/EngineMaterials/NewBaseFlattenMaterial.uasset" 42
"../../../../../Projects/Django/BeatabelAPI/beatabel/Unreal/beatabel/Content/Geometry/Meshes/M_1M_Cube_MatineeCam_mat_B40A730845C7653C6CF0D68BD432A9E5.uasset" 43
"../../../../../Projects/Django/BeatabelAPI/beatabel/Unreal/beatabel/Content/Geometry/Meshes/TemplateFloor.uasset" 44
"../../../Engine/Content/Animation/DefaultAnimCurveCompressionSettings.uasset" 45
"../../../Engine/Content/Functions/Engine_MaterialFunctions01/Opacity/CameraDepthFade.uasset" 46
"../../../Engine/Content/EngineMaterials/T_Default_Material_Grid_M.uasset" 47
"../../../Engine/Content/EngineMaterials/T_Default_Material_Grid_N.uasset" 48
"../../../Engine/Content/EngineMaterials/WorldGridMaterial.uasset" 49
"../../../Engine/Content/ArtTools/RenderToTexture/Meshes/S_1_Unit_Plane.uasset" 50
"../../../Engine/Content/EngineMaterials/DefaultMaterial.uasset" 51
"../../../Engine/Content/BasicShapes/Cone.uasset" 52
"../../../Engine/Content/BasicShapes/Cube.uasset" 53
"../../../Engine/Content/EditorLandscapeResources/DataLayer.uasset" 54
"../../../Engine/Content/EditorMaterials/GizmoMaterial.uasset" 55
"../../../Engine/Content/EditorMaterials/MAT_Groups_Toggle.uasset" 56
"../../../Engine/Content/EditorMaterials/MAT_Groups_Visibility.uasset" 57
"../../../Engine/Content/EditorMaterials/PreviewShadowIndicator.uasset" 58
"../../../Engine/Content/EditorMaterials/PreviewShadowIndicatorMaterial.uasset" 59
"../../../Engine/Content/EditorMaterials/MatineeGroups/MAT_ColorTrack.uasset" 60
"../../../Engine/Content/EditorMaterials/MatineeGroups/MAT_Groups_Anim.uasset" 61
"../../../Engine/Content/EditorMaterials/MatineeGroups/MAT_Groups_AudioMaster.uasset" 62
"../../../Engine/Content/EditorMaterials/MatineeGroups/MAT_Groups_Director.uasset" 63
"../../../Engine/Content/EditorMaterials/MatineeGroups/MAT_Groups_Event.uasset" 64
"../../../Engine/Content/EditorMaterials/MatineeGroups/MAT_Groups_Fade.uasset" 65
"../../../Engine/Content/EditorMaterials/MatineeGroups/MAT_Groups_Float.uasset" 66
"../../../Engine/Content/EditorMaterials/MatineeGroups/MAT_Groups_Move.uasset" 67
"../../../Engine/Content/EditorMaterials/MatineeGroups/MAT_Groups_Slomo.uasset" 68
"../../../Engine/Content/EditorMaterials/MatineeGroups/MAT_Groups_Sound.uasset" 69
"../../../Engine/Content/EditorMaterials/MatineeGroups/MAT_Groups_Vector.uasset" 70
"../../../Engine/Content/EditorMaterials/ParticleSystems/PSysThumbnail_NoImage.uasset" 71
"../../../Engine/Content/EditorMaterials/ParticleSystems/PSysThumbnail_OOD.uasset" 72
"../../../Engine/Content/EditorMaterials/Camera/CineMat.uasset" 73
"../../../Engine/Content/EditorMaterials/Camera/MI_CineMat_Rig.uasset" 74
"../../../Engine/Content/EditorMeshes/Camera/SM_CraneRig_Arm.uasset" 75
"../../../Engine/Content/EditorMeshes/Camera/SM_CraneRig_Base.uasset" 76
"../../../Engine/Content/EditorMeshes/Camera/SM_CraneRig_Body.uasset" 77
"../../../Engine/Content/EditorMeshes/Camera/SM_CraneRig_Mount.uasset" 78
"../../../Engine/Content/EditorMeshes/Camera/SM_RailRig_Mount.uasset" 79
"../../../Engine/Content/EditorMeshes/Camera/SM_RailRig_Track.uasset" 80
"../../../Engine/Content/EditorResources/BSPVertex.uasset" 81
"../../../Engine/Content/EditorResources/EmptyActor.uasset" 82
"../../../Engine/Content/EditorResources/S_Actor.uasset" 83
"../../../Engine/Content/EditorResources/S_Note.uasset" 84
"../../../Engine/Content/EditorResources/S_Trigger.uasset" 85
"../../../Engine/Content/EditorResources/AudioIcons/S_AudioComponent.uasset" 86
"../../../Engine/Content/EditorResources/LightIcons/S_LightError.uasset" 87
"../../../Engine/Content/EditorResources/SequenceRecorder/Countdown.uasset" 88
"../../../Engine/Content/EditorResources/SequenceRecorder/RecordingIndicator.uasset" 89
"../../../Engine/Content/EditorSounds/Notifications/CompileFailed.uasset" 90
"../../../Engine/Content/EditorSounds/Notifications/CompileFailed_Cue.uasset" 91
"../../../Engine/Content/EditorSounds/Notifications/CompileSuccess.uasset" 92
"../../../Engine/Content/EditorSounds/Notifications/CompileStart_Cue.uasset" 93
"../../../Engine/Content/EditorSounds/Notifications/CompileSuccess_Cue.uasset" 94
"../../../Engine/Content/EngineDamageTypes/DmgTypeBP_Environmental.uasset" 95
"../../../Engine/Content/EngineDebugMaterials/HeatmapGradient.uasset" 96
"../../../Engine/Content/EngineDebugMaterials/BoneWeightMaterial.uasset" 97
"../../../Engine/Content/EngineDebugMaterials/ClothMaterial.uasset" 98
"../../../Engine/Content/EngineDebugMaterials/ClothMaterial_WF.uasset" 99
"../../../Engine/Content/EngineDebugMaterials/DebugEditorMaterial.uasset" 100
"../../../Engine/Content/EngineDebugMaterials/DebugMeshMaterial.uasset" 101
"../../../Engine/Content/EngineDebugMaterials/GeomMaterial.uasset" 102
"../../../Engine/Content/EngineDebugMaterials/M_SimpleTranslucent.uasset" 103
"../../../Engine/Content/EngineFonts/Faces/RobotoBold.uasset" 104
"../../../Engine/Content/EngineFonts/Faces/RobotoBoldItalic.uasset" 105
"../../../Engine/Content/EngineFonts/Faces/RobotoItalic.uasset" 106
"../../../Engine/Content/EngineFonts/Faces/RobotoLight.uasset" 107
"../../../Engine/Content/EngineFonts/Faces/RobotoRegular.uasset" 108
"../../../Engine/Content/EngineFonts/Roboto.uasset" 109
"../../../Engine/Content/EngineFonts/Faces/RobotoTiny.uasset" 110
"../../../Engine/Content/EngineFonts/RobotoTiny.uasset" 111
"../../../Engine/Content/EngineMaterials/BaseFlattenMaterial.uasset" 112
"../../../Engine/Content/EngineMaterials/DefaultBloomKernel.uasset" 113
"../../../Engine/Content/EngineMaterials/DefaultBokeh.uasset" 114
"../../../Engine/Content/EngineMaterials/DefaultDiffuse.uasset" 115
"../../../Engine/Content/EngineMaterials/DefaultDeferredDecalMaterial.uasset" 116
"../../../Engine/Content/EngineMaterials/DefaultLightFunctionMaterial.uasset" 117
"../../../Engine/Content/EngineMaterials/DefaultPhysicalMaterial.uasset" 118
"../../../Engine/Content/Functions/Engine_MaterialFunctions02/Utility/BreakOutFloat2Components.uasset" 119
"../../../Engine/Content/EngineMaterials/DefaultPostProcessMaterial.uasset" 120
"../../../Engine/Content/EngineFonts/RobotoDistanceField.uasset" 121
"../../../Engine/Content/EngineMaterials/DefaultTextMaterialOpaque.uasset" 122
"../../../Engine/Content/EngineMaterials/DefaultWhiteGrid.uasset" 123
"../../../Engine/Content/EngineMaterials/EditorBrushMaterial.uasset" 124
"../../../Engine/Content/EngineMaterials/Good64x64TilingNoiseHighFreq.uasset" 125
"../../../Engine/Content/EngineMaterials/MiniFont.uasset" 126
"../../../Engine/Content/EngineMaterials/InvalidLightmapSettings.uasset" 127
"../../../Engine/Content/EngineMaterials/M_InvalidLightmapSettings.uasset" 128
"../../../Engine/Content/Functions/Engine_MaterialFunctions02/WorldPositionOffset/CameraOffset.uasset" 129
"../../../Engine/Content/EngineMaterials/PhAT_JointLimitMaterial.uasset" 130
"../../../Engine/Content/EngineMaterials/PreintegratedSkinBRDF.uasset" 131
"../../../Engine/Content/EngineMaterials/RemoveSurfaceMaterial.uasset" 132
"../../../Engine/Content/EngineMaterials/WeightMapPlaceholderTexture.uasset" 133
"../../../Engine/Content/EngineResources/WhiteSquareTexture.uasset" 134
"../../../Engine/Content/EngineMaterials/Widget3DPassThrough.uasset" 135
"../../../Engine/Content/EngineMaterials/Widget3DPassThrough_Masked.uasset" 136
"../../../Engine/Content/EngineMaterials/Widget3DPassThrough_Opaque.uasset" 137
"../../../Engine/Content/EngineMaterials/Widget3DPassThrough_Masked_OneSided.uasset" 138
"../../../Engine/Content/EngineMaterials/Widget3DPassThrough_Opaque_OneSided.uasset" 139
"../../../Engine/Content/EngineMaterials/Widget3DPassThrough_Translucent.uasset" 140
"../../../Engine/Content/EngineMaterials/Widget3DPassThrough_Translucent_OneSided.uasset" 141
"../../../Engine/Content/EngineMeshes/Cylinder.uasset" 142
"../../../Engine/Content/EngineMeshes/Sphere.uasset" 143
"../../../Engine/Content/EngineResources/Black.uasset" 144
"../../../Engine/Content/EngineResources/DefaultTexture.uasset" 145
"../../../Engine/Content/EngineResources/DefaultTextureCube.uasset" 146
"../../../Engine/Content/EngineResources/DefaultVolumeTexture2D.uasset" 147
"../../../Engine/Content/EngineResources/DefaultVolumeTexture.uasset" 148
"../../../Engine/Content/EngineResources/GradientTexture0.uasset" 149
"../../../Engine/Content/EngineSounds/Master.uasset" 150
"../../../Engine/Content/Functions/Engine_MaterialFunctions01/Shading/ConvertFromDiffSpec.uasset" 151
"../../../Engine/Content/Functions/Engine_MaterialFunctions01/Shading/PowerToRoughness.uasset" 152
"../../../Engine/Content/Maps/Templates/Thumbnails/Default.uasset" 153
"../../../Engine/Content/Maps/Templates/Thumbnails/VR-Basic.uasset" 154
"../../../Engine/Content/MobileResources/T_MobileControls_texture.uasset" 155
"../../../Engine/Content/MobileResources/T_MobileMenu2.uasset" 156
"../../../Engine/Content/MobileResources/HUD/AnalogHat.uasset" 157
"../../../Engine/Content/MobileResources/HUD/VirtualJoystick_Background.uasset" 158
"../../../Engine/Content/MobileResources/HUD/VirtualJoystick_Thumb.uasset" 159
"../../../Engine/Content/MobileResources/HUD/DefaultVirtualJoysticks.uasset" 160
"../../../Engine/Content/MobileResources/HUD/LeftVirtualJoystickOnly.uasset" 161
"../../../Engine/Content/MobileResources/HUD/MobileHUDButton1_off.uasset" 162
"../../../Engine/Content/MobileResources/HUD/MobileHUDButton1_on.uasset" 163
"../../../Engine/Content/MobileResources/HUD/MobileHUDButton2_off.uasset" 164
"../../../Engine/Content/MobileResources/HUD/MobileHUDButton2_on.uasset" 165
"../../../Engine/Content/MobileResources/HUD/MobileHUDButton3.uasset" 166
"../../../Engine/Content/MobileResources/HUD/MobileHUDButtonFire.uasset" 167
"../../../Engine/Content/MobileResources/HUD/MobileHUDDirectionPad.uasset" 168
"../../../Engine/Content/MobileResources/HUD/MobileHUDDirectionPad2.uasset" 169
"../../../Engine/Content/MobileResources/HUD/MobileHUDDirectionPad3.uasset" 170
"../../../Engine/Content/MobileResources/HUD/MobileHUDDirectionStick.uasset" 171
"../../../Engine/Content/MobileResources/HUD/T_Castle_ThumbstickInner.uasset" 172
"../../../Engine/Content/MobileResources/HUD/T_Castle_ThumbstickOutter.uasset" 173
"../../../Engine/Content/Tutorial/ContentIntroCurve.uasset" 174
"../../../Engine/Content/Tutorial/Basics/LevelEditorAttract.uasset" 175
"../../../Engine/Content/Tutorial/Basics/TutorialAssets/icon_tab_Levels_40x.uasset" 176
"../../../Engine/Content/Tutorial/Basics/LevelEditorOverview.uasset" 177
"../../../Engine/Content/Tutorial/BlueprintTutorials/TutorialAssets/Blueprint_64x.uasset" 178
"../../../Engine/Content/Tutorial/BlueprintTutorials/BlueprintEditorTutorial.uasset" 179
"../../../Engine/Content/Tutorial/BlueprintTutorials/LevelBlueprintEditorOverview.uasset" 180
"../../../Engine/Content/Tutorial/Mobile/TutorialAssets/android_Icon.uasset" 181
"../../../Engine/Content/Tutorial/Mobile/SettingUpAndroidTutorial.uasset" 182
"../../../Engine/Content/Tutorial/SubEditors/MaterialEditorTutorial.uasset" 183
"../../../Engine/Content/Tutorial/SubEditors/TutorialAssets/TutorialMaterial.uasset" 184
"../../../Engine/Content/VREditor/LaserPointer/VR_LaserPower_01.uasset" 185
"../../../Engine/Content/VREditor/TransformGizmo/TransformGizmoMaterial.uasset" 186
"../../../Engine/Content/VREditor/TransformGizmo/TranslucentTransformGizmoMaterial.uasset" 187
"../../../Engine/Content/VREditor/TransformGizmo/BoundingBoxCorner.uasset" 188
"../../../Engine/Content/VREditor/TransformGizmo/BoundingBoxEdge.uasset" 189
"../../../Engine/Content/VREditor/TransformGizmo/PlaneTranslationHandle.uasset" 190
"../../../Engine/Content/VREditor/TransformGizmo/Main.uasset" 191
"../../../Engine/Content/VREditor/TransformGizmo/Xray.uasset" 192
"../../../Engine/Content/VREditor/TransformGizmo/SM_Sequencer_Key.uasset" 193
"../../../Engine/Content/VREditor/TransformGizmo/SM_Sequencer_Node.uasset" 194
"../../Plugins/2D/Paper2D/Content/PlaceholderTextures/DummySpriteTexture.uasset" 195
"../../Plugins/2D/Paper2D/Content/DummySprite.uasset" 196
"../../Plugins/2D/Paper2D/Content/DefaultPaperTerrainMaterial.uasset" 197
"../../Plugins/2D/Paper2D/Content/DummySpriteTexture.uasset" 198
"../../Plugins/2D/Paper2D/Content/DefaultSpriteMaterial.uasset" 199
"../../Plugins/2D/Paper2D/Content/MaskedUnlitSpriteMaterial.uasset" 200
"../../Plugins/2D/Paper2D/Content/OpaqueUnlitSpriteMaterial.uasset" 201
"../../Plugins/Runtime/Oculus/OculusVR/Content/OculusMR_RenderTarget.uasset" 202
"../../../Engine/Content/Functions/Engine_MaterialFunctions02/Utility/BreakOutFloat4Components.uasset" 203
"../../../Engine/Content/Functions/Engine_MaterialFunctions02/Utility/MakeFloat2.uasset" 204
"../../../Engine/Content/Functions/Engine_MaterialFunctions02/Utility/MakeFloat3.uasset" 205
"../../Plugins/Runtime/Oculus/OculusVR/Content/Materials/OculusMR_ChromaKey.uasset" 206
"../../Plugins/Runtime/Oculus/OculusVR/Content/Materials/OculusMR_ChromaKey_Lit.uasset" 207
"../../Plugins/Runtime/Oculus/OculusVR/Content/Materials/OculusMR_OpaqueColoredMaterial.uasset" 208
"../../Plugins/Runtime/Oculus/OculusVR/Content/Materials/OculusMR_WhiteMaterial.uasset" 209
"../../Plugins/Runtime/Oculus/OculusVR/Content/Materials/PokeAHoleMaterial.uasset" 210
"../../Plugins/Runtime/Oculus/OculusVR/Content/Textures/GearVRController_AO.uasset" 211
"../../Plugins/Runtime/Oculus/OculusVR/Content/Textures/GearVRController_Color.uasset" 212
"../../Plugins/Runtime/Oculus/OculusVR/Content/Textures/GearVRController_Normal.uasset" 213
"../../Plugins/Runtime/Oculus/OculusVR/Content/Materials/GearVRControllerMaterial.uasset" 214
"../../Plugins/Runtime/Oculus/OculusVR/Content/Meshes/GearVrController.uasset" 215
"../../Plugins/Runtime/Oculus/OculusVR/Content/Textures/touchController_albedo.uasset" 216
"../../Plugins/Runtime/Oculus/OculusVR/Content/Textures/touchController_controlmap.uasset" 217
"../../Plugins/Runtime/Oculus/OculusVR/Content/Materials/touchController_mat.uasset" 218
"../../Plugins/Runtime/Oculus/OculusVR/Content/Meshes/LeftTouchController.uasset" 219
"../../Plugins/Runtime/Oculus/OculusVR/Content/Meshes/RiftHMD.uasset" 220
"../../Plugins/Runtime/Oculus/OculusVR/Content/Meshes/RightTouchController.uasset" 221
"../../../../../Projects/Django/BeatabelAPI/beatabel/Unreal/beatabel/Content/Blueprints/DataStorage/SaveData.uasset" 222
"../../../../../Projects/Django/BeatabelAPI/beatabel/Unreal/beatabel/Content/Blueprints/UI/Test/T_FolderListItem.uasset" 223
"../../../../../Projects/Django/BeatabelAPI/beatabel/Unreal/beatabel/Content/Blueprints/UI/Test/T_SongListItem.uasset" 224
"../../../../../Projects/Django/BeatabelAPI/beatabel/Unreal/beatabel/Content/Blueprints/UI/Test/T_SongSelection.uasset" 225
"../../../../../Projects/Django/BeatabelAPI/beatabel/Unreal/beatabel/Content/Blueprints/UI/Test/T_FolderSelection.uasset" 226
"../../../../../Projects/Django/BeatabelAPI/beatabel/Unreal/beatabel/Content/Blueprints/UI/Test/T_Config.uasset" 227
"../../../../../Projects/Django/BeatabelAPI/beatabel/Unreal/beatabel/Content/Blueprints/DataStorage/MyGameInstance.uasset" 228
"../../../Engine/Content/BasicShapes/BasicShapeMaterial.uasset" 229
"../../../../../Projects/Django/BeatabelAPI/beatabel/Unreal/beatabel/Content/Beatabel/Materials/Brush/M_Brush.uasset" 230
"../../../../../Projects/Django/BeatabelAPI/beatabel/Unreal/beatabel/Content/Beatabel/Materials/Brush/M_Canvas.uasset" 231
"../../../../../Projects/Django/BeatabelAPI/beatabel/Unreal/beatabel/Content/Beatabel/Materials/Brush/M_Canvas_2.uasset" 232
"../../../Engine/Content/BasicShapes/Plane.uasset" 233
"../../../../../Projects/Django/BeatabelAPI/beatabel/Unreal/beatabel/Content/External/Maps/input/map_1_1.uasset" 234
"../../../../../Projects/Django/BeatabelAPI/beatabel/Unreal/beatabel/Content/External/Maps/input/map_1_2.uasset" 235
"../../../../../Projects/Django/BeatabelAPI/beatabel/Unreal/beatabel/Content/External/Maps/input/map_3_1.uasset" 236
"../../../../../Projects/Django/BeatabelAPI/beatabel/Unreal/beatabel/Content/External/Maps/input/map_3_2.uasset" 237
"../../../../../Projects/Django/BeatabelAPI/beatabel/Unreal/beatabel/Content/External/Maps/input/map_3_3.uasset" 238
"../../../../../Projects/Django/BeatabelAPI/beatabel/Unreal/beatabel/Content/Blueprints/Painting/BP_Canvas.uasset" 239
"../../../Engine/Content/VREditor/UI/KeyDiskMaterial.uasset" 240
"../../../Engine/Content/VREditor/LaserPointer/LaserPointerMaterial.uasset" 241
"../../../Engine/Content/VREditor/LaserPointer/LaserPointerMaterialInst.uasset" 242
"../../../Engine/Content/EngineMeshes/SkeletalCube_Skeleton.uasset" 243
"../../../Engine/Content/EngineMeshes/SkeletalCube.uasset" 244
"../../../Engine/Content/Functions/Engine_MaterialFunctions02/Utility/BlendAngleCorrectedNormals.uasset" 245
"../../../Engine/Content/Functions/MaterialLayerFunctions/MatLayerBlend_NormalBlend.uasset" 246
"../../../Engine/Content/Functions/MaterialLayerFunctions/MatLayerBlend_Simple.uasset" 247
"../../../../../Projects/Django/BeatabelAPI/beatabel/Unreal/beatabel/Content/Beatabel/Character/Materials/MaterialLayers/T_ML_Rubber_Blue_01_D.uasset" 248
"../../../../../Projects/Django/BeatabelAPI/beatabel/Unreal/beatabel/Content/Beatabel/Character/Materials/MaterialLayers/T_ML_Rubber_Blue_01_N.uasset" 249
"../../../../../Projects/Django/BeatabelAPI/beatabel/Unreal/beatabel/Content/Beatabel/Character/Materials/MaterialLayers/ML_GlossyBlack_Latex_UE4.uasset" 250
"../../../../../Projects/Django/BeatabelAPI/beatabel/Unreal/beatabel/Content/Beatabel/Character/Materials/MaterialLayers/ML_Plastic_Shiny_Beige.uasset" 251
"../../../../../Projects/Django/BeatabelAPI/beatabel/Unreal/beatabel/Content/Beatabel/Character/Materials/MaterialLayers/ML_Plastic_Shiny_Beige_LOGO.uasset" 252
"../../../../../Projects/Django/BeatabelAPI/beatabel/Unreal/beatabel/Content/Beatabel/Character/Materials/MaterialLayers/T_ML_Aluminum01.uasset" 253
"../../../../../Projects/Django/BeatabelAPI/beatabel/Unreal/beatabel/Content/Beatabel/Character/Materials/MaterialLayers/T_ML_Aluminum01_N.uasset" 254
"../../../../../Projects/Django/BeatabelAPI/beatabel/Unreal/beatabel/Content/Beatabel/Character/Materials/MaterialLayers/ML_SoftMetal_UE4.uasset" 255
"../../../../../Projects/Django/BeatabelAPI/beatabel/Unreal/beatabel/Content/Beatabel/Character/Textures/UE4_Mannequin__normals.uasset" 256
"../../../../../Projects/Django/BeatabelAPI/beatabel/Unreal/beatabel/Content/Beatabel/Character/Textures/UE4_Mannequin_MAT_MASKA.uasset" 257
"../../../../../Projects/Django/BeatabelAPI/beatabel/Unreal/beatabel/Content/Beatabel/Character/Materials/M_UE4Man_Body.uasset" 258
"../../../../../Projects/Django/BeatabelAPI/beatabel/Unreal/beatabel/Content/Beatabel/Character/Mesh/SK_Mannequin_Arms_PhysicsAsset.uasset" 259
"../../../../../Projects/Django/BeatabelAPI/beatabel/Unreal/beatabel/Content/Beatabel/Character/Mesh/SK_Mannequin_Arms.uasset" 260
"../../../../../Projects/Django/BeatabelAPI/beatabel/Unreal/beatabel/Content/Beatabel/FPWeapon/Materials/MaterialLayers/T_ML_Rubber_Blue_01_D.uasset" 261
"../../../../../Projects/Django/BeatabelAPI/beatabel/Unreal/beatabel/Content/Beatabel/FPWeapon/Materials/MaterialLayers/T_ML_Rubber_Blue_01_N.uasset" 262
"../../../../../Projects/Django/BeatabelAPI/beatabel/Unreal/beatabel/Content/Beatabel/FPWeapon/Materials/MaterialLayers/ML_GlossyBlack_Latex_UE4.uasset" 263
"../../../../../Projects/Django/BeatabelAPI/beatabel/Unreal/beatabel/Content/Beatabel/FPWeapon/Materials/MaterialLayers/ML_Plastic_Shiny_Beige.uasset" 264
"../../../../../Projects/Django/BeatabelAPI/beatabel/Unreal/beatabel/Content/Beatabel/FPWeapon/Materials/MaterialLayers/ML_Screen.uasset" 265
"../../../../../Projects/Django/BeatabelAPI/beatabel/Unreal/beatabel/Content/Beatabel/FPWeapon/Materials/MaterialLayers/T_ML_Aluminum01.uasset" 266
"../../../../../Projects/Django/BeatabelAPI/beatabel/Unreal/beatabel/Content/Beatabel/FPWeapon/Materials/MaterialLayers/T_ML_Aluminum01_N.uasset" 267
"../../../../../Projects/Django/BeatabelAPI/beatabel/Unreal/beatabel/Content/Beatabel/FPWeapon/Materials/MaterialLayers/ML_SoftMetal_UE4.uasset" 268
"../../../../../Projects/Django/BeatabelAPI/beatabel/Unreal/beatabel/Content/Beatabel/FPWeapon/Textures/T_FPGun_M.uasset" 269
"../../../../../Projects/Django/BeatabelAPI/beatabel/Unreal/beatabel/Content/Beatabel/FPWeapon/Textures/T_FPGun_N.uasset" 270
"../../../../../Projects/Django/BeatabelAPI/beatabel/Unreal/beatabel/Content/Beatabel/FPWeapon/Materials/M_FPGun.uasset" 271
"../../../../../Projects/Django/BeatabelAPI/beatabel/Unreal/beatabel/Content/Beatabel/FPWeapon/Mesh/SK_FPGun_Skeleton.uasset" 272
"../../../../../Projects/Django/BeatabelAPI/beatabel/Unreal/beatabel/Content/Beatabel/FPWeapon/Mesh/SK_FPGun.uasset" 273
"../../../../../Projects/Django/BeatabelAPI/beatabel/Unreal/beatabel/Content/Beatabel/Materials/Laser/LaserMat.uasset" 274
"../../../../../Projects/Django/BeatabelAPI/beatabel/Unreal/beatabel/Content/Beatabel/Materials/Laser/LaserPS.uasset" 275
"../../../../../Projects/Django/BeatabelAPI/beatabel/Unreal/beatabel/Content/Beatabel/Textures/Painting/T_Brush_White.uasset" 276
"../../../../../Projects/Django/BeatabelAPI/beatabel/Unreal/beatabel/Content/Blueprints/Character/Character.uasset" 277
"../../../../../Projects/Django/BeatabelAPI/beatabel/Unreal/beatabel/Content/Blueprints/Character/MenuCharacter.uasset" 278
"../../../../../Projects/Django/BeatabelAPI/beatabel/Unreal/beatabel/Content/Beatabel/Textures/FirstPersonCrosshair.uasset" 279
"../../../../../Projects/Django/BeatabelAPI/beatabel/Unreal/beatabel/Content/Blueprints/HUD.uasset" 280
"../../../../../Projects/Django/BeatabelAPI/beatabel/Unreal/beatabel/Content/Blueprints/GameMode.uasset" 281
"../../../Engine/Content/EditorMeshes/ColorCalibrator/M_ClearCoat.uasset" 282
"../../../Engine/Content/MapTemplates/Materials/BasicAsset01.uasset" 283
"../../../Engine/Content/MapTemplates/Materials/BasicAsset03.uasset" 284
"../../../../../Projects/Django/BeatabelAPI/beatabel/Unreal/beatabel/Content/Beatabel/Materials/Neon/Emissive.uasset" 285
"../../../../../Projects/Django/BeatabelAPI/beatabel/Unreal/beatabel/Content/Beatabel/Materials/Neon/EChanging.uasset" 286
"../../../Engine/Content/BasicShapes/Cylinder.uasset" 287
"../../../Engine/Content/BasicShapes/Sphere.uasset" 288
"../../../../../Projects/Django/BeatabelAPI/beatabel/Unreal/beatabel/Content/Beatabel/Audio/SevenNationArmy.uasset" 289
"../../../Engine/Content/EngineFonts/Faces/DroidSansMono.uasset" 290
"../../../Engine/Content/EngineFonts/DroidSansMono.uasset" 291
"../../../../../Projects/Django/BeatabelAPI/beatabel/Unreal/beatabel/Content/Blueprints/UI/Messages.uasset" 292
"../../../../../Projects/Django/BeatabelAPI/beatabel/Unreal/beatabel/Content/Blueprints/UI/Score.uasset" 293
"../../../../../Projects/Django/BeatabelAPI/beatabel/Unreal/beatabel/Content/Blueprints/Beats/Timer.uasset" 294
"../../../../../Projects/Django/BeatabelAPI/beatabel/Unreal/beatabel/Content/Beatabel/Levels/BeatRoom_BuiltData.uasset" 295
"../../../Engine/Content/Functions/Engine_MaterialFunctions01/Texturing/FlattenNormal.uasset" 296
"../../../Engine/Content/EngineMaterials/FlatNormal.uasset" 297
"../../Plugins/Enterprise/DatasmithContent/Content/Materials/CE_BaseMaster.uasset" 298
"../../Plugins/Enterprise/DatasmithContent/Content/Materials/CE_OpaqueMaster.uasset" 299
"../../../Engine/Content/Functions/Engine_MaterialFunctions01/Texturing/ComputeMipLevel.uasset" 300
"../../../Engine/Content/Functions/Engine_MaterialFunctions01/Texturing/TextureCropping.uasset" 301
"../../../Engine/Content/Functions/Engine_MaterialFunctions02/Utility/BreakOutFloat3Components.uasset" 302
"../../../Engine/Content/Functions/Engine_MaterialFunctions02/ExampleContent/DebugNumberStrip.uasset" 303
"../../../Engine/Content/Functions/Engine_MaterialFunctions02/ExampleContent/Textures/DebugNumberPeriod.uasset" 304
"../../../Engine/Content/Functions/Engine_MaterialFunctions02/Utility/DebugScalarValues.uasset" 305
"../../../Engine/Content/Functions/Engine_MaterialFunctions02/Utility/DebugFloat3Values.uasset" 306
"../../../Engine/Content/Functions/Engine_MaterialFunctions02/Math/RGBtoHSV.uasset" 307
"../../Plugins/Enterprise/DatasmithContent/Content/Materials/Datasmith_Color.uasset" 308
"../../../Engine/Content/EditorResources/MatineeCam_D.uasset" 309
"../../../Engine/Content/EditorMaterials/MatineeCam_mat.uasset" 310
"../../../Engine/Content/Functions/Engine_MaterialFunctions02/Math/AddComponents.uasset" 311
"../../../Engine/Content/Functions/Engine_MaterialFunctions02/Math/MakeVectorsOrthogonal.uasset" 312
"../../../Engine/Content/Functions/Engine_MaterialFunctions02/Math/TimeWithSpeedVariable.uasset" 313
"../../../Engine/Content/Functions/Engine_MaterialFunctions02/Math/Transform3x3Matrix.uasset" 314
"../../../Engine/Content/Functions/Engine_MaterialFunctions02/Utility/LinearSine.uasset" 315
"../../../Engine/Content/EngineMaterials/DefaultNormal.uasset" 316
"../../../Engine/Content/Functions/Engine_MaterialFunctions02/ExampleContent/Textures/LowResBlurredNoise.uasset" 317
"../../../Engine/Content/Functions/Engine_MaterialFunctions02/Texturing/Flowmaps.uasset" 318
"../../../Engine/Content/Functions/Engine_MaterialFunctions02/ExampleContent/Textures/SwirlMap.uasset" 319
"../../../Engine/Content/Functions/Engine_MaterialFunctions02/ExampleContent/Textures/water_d.uasset" 320
"../../../Engine/Content/Functions/Engine_MaterialFunctions02/ExampleContent/Textures/water_n.uasset" 321
"../../../Engine/Content/Functions/Engine_MaterialFunctions02/ExampleContent/FlowMaps.uasset" 322
"../../../../../Projects/Django/BeatabelAPI/beatabel/Unreal/beatabel/Content/Beatabel/Materials/Invisible/SpookyInvisible.uasset" 323
"../../../../../Projects/Django/BeatabelAPI/beatabel/Unreal/beatabel/Content/Beatabel/Materials/Neon/EBlue.uasset" 324
"../../../../../Projects/Django/BeatabelAPI/beatabel/Unreal/beatabel/Content/Beatabel/Materials/Neon/ERed.uasset" 325
"../../../../../Projects/Django/BeatabelAPI/beatabel/Unreal/beatabel/Content/Geometry/Meshes/1M_Cube.uasset" 326
"../../../../../Projects/Django/BeatabelAPI/beatabel/Unreal/beatabel/Content/Beatabel/Levels/BeatRoom.umap" 327
"../../../../../Projects/Django/BeatabelAPI/beatabel/Unreal/beatabel/Content/Blueprints/UI/Test/T_MainMenu.uasset" 328
"../../../../../Projects/Django/BeatabelAPI/beatabel/Unreal/beatabel/Content/Blueprints/UI/Test/T_Master.uasset" 329
"../../../../../Projects/Django/BeatabelAPI/beatabel/Unreal/beatabel/Content/Blueprints/MainMenu/TestMenu.uasset" 330
"../../../../../Projects/Django/BeatabelAPI/beatabel/Unreal/beatabel/Content/Beatabel/Levels/MainMenu_BuiltData.uasset" 331
"../../../../../Projects/Django/BeatabelAPI/beatabel/Unreal/beatabel/Content/Beatabel/Levels/MainMenu.umap" 332
"../../../Engine/Content/Maps/Entry_BuiltData.uasset" 333
"../../../Engine/Content/Maps/Entry.umap" 334
