Log file open, 06/24/19 23:30:16
LogWindows: Failed to load 'aqProf.dll' (GetLastError=126)
LogWindows: File 'aqProf.dll' does not exist
LogWindows: Failed to load 'VtuneApi.dll' (GetLastError=126)
LogWindows: File 'VtuneApi.dll' does not exist
LogWindows: Failed to load 'VtuneApi32e.dll' (GetLastError=126)
LogWindows: File 'VtuneApi32e.dll' does not exist
LogConsoleResponse: Display: Failed to find resolution value strings in scalability ini. Falling back to default.
LogInit: Display: Running engine for game: beatabel
LogPakFile: Registered encryption key '00000000000000000000000000000000': 0 pak files mounted, 0 remain pending
LogPlatformFile: Not using cached read wrapper
LogTaskGraph: Started task graph with 5 named threads and 35 total threads with 3 sets of task threads.
LogStats: Stats thread started at 0.394101
LogD3D11RHI: Loaded GFSDK_Aftermath_Lib.x64.dll
LogICUInternationalization: ICU TimeZone Detection - Raw Offset: +1:00, Platform Override: ''
LogPluginManager: Mounting plugin Paper2D
LogPluginManager: Mounting plugin AISupport
LogPluginManager: Mounting plugin LightPropagationVolume
LogPluginManager: Mounting plugin ActorLayerUtilities
LogPluginManager: Mounting plugin AnimationSharing
LogPluginManager: Mounting plugin CLionSourceCodeAccess
LogPluginManager: Mounting plugin CodeLiteSourceCodeAccess
LogPluginManager: Mounting plugin GitSourceControl
LogPluginManager: Mounting plugin KDevelopSourceCodeAccess
LogPluginManager: Mounting plugin NullSourceCodeAccess
LogPluginManager: Mounting plugin PerforceSourceControl
LogPluginManager: Mounting plugin SubversionSourceControl
LogPluginManager: Mounting plugin UObjectPlugin
LogPluginManager: Mounting plugin VisualStudioCodeSourceCodeAccess
LogPluginManager: Mounting plugin VisualStudioSourceCodeAccess
LogPluginManager: Mounting plugin XCodeSourceCodeAccess
LogPluginManager: Mounting plugin AssetManagerEditor
LogPluginManager: Mounting plugin CryptoKeys
LogPluginManager: Mounting plugin DataValidation
LogPluginManager: Mounting plugin FacialAnimation
LogPluginManager: Mounting plugin GameplayTagsEditor
LogPluginManager: Mounting plugin MacGraphicsSwitching
LogPluginManager: Mounting plugin MaterialAnalyzer
LogPluginManager: Mounting plugin MobileLauncherProfileWizard
LogPluginManager: Mounting plugin PluginBrowser
LogPluginManager: Mounting plugin SpeedTreeImporter
LogPluginManager: Mounting plugin DatasmithContent
LogPluginManager: Mounting plugin VariantManagerContent
LogPluginManager: Mounting plugin AlembicImporter
LogPluginManager: Mounting plugin AppleImageUtils
LogPluginManager: Mounting plugin AppleVision
LogPluginManager: Mounting plugin BackChannel
LogPluginManager: Mounting plugin CharacterAI
LogPluginManager: Mounting plugin GeometryCache
LogPluginManager: Mounting plugin HTML5Networking
LogPluginManager: Mounting plugin ProxyLODPlugin
LogPluginManager: Mounting plugin SkeletalReduction
LogPluginManager: Mounting plugin MagicLeap
LogPluginManager: Mounting plugin MagicLeapMedia
LogPluginManager: Mounting plugin AndroidMedia
LogPluginManager: Mounting plugin AvfMedia
LogPluginManager: Mounting plugin ImgMedia
LogPluginManager: Mounting plugin LinearTimecode
LogPluginManager: Mounting plugin MediaCompositing
LogPluginManager: Mounting plugin MediaPlayerEditor
LogPluginManager: Mounting plugin WebMMedia
LogPluginManager: Mounting plugin WmfMedia
LogPluginManager: Mounting plugin TcpMessaging
LogPluginManager: Mounting plugin UdpMessaging
LogPluginManager: Mounting plugin ActorSequence
LogPluginManager: Mounting plugin LevelSequenceEditor
LogPluginManager: Mounting plugin MatineeToLevelSequence
LogPluginManager: Mounting plugin NetcodeUnitTest
LogPluginManager: Mounting plugin NUTUnrealEngine4
LogPluginManager: Mounting plugin OnlineSubsystemGooglePlay
LogPluginManager: Mounting plugin OnlineSubsystemIOS
LogPluginManager: Mounting plugin OnlineSubsystem
LogPluginManager: Mounting plugin OnlineSubsystemNull
LogPluginManager: Mounting plugin OnlineSubsystemUtils
LogPluginManager: Mounting plugin LauncherChunkInstaller
LogPluginManager: Mounting plugin AndroidDeviceProfileSelector
LogPluginManager: Mounting plugin AndroidMoviePlayer
LogPluginManager: Mounting plugin AndroidPermission
LogPluginManager: Mounting plugin AppleMoviePlayer
LogPluginManager: Mounting plugin ArchVisCharacter
LogPluginManager: Mounting plugin AudioCapture
LogPluginManager: Mounting plugin CableComponent
LogPluginManager: Mounting plugin CustomMeshComponent
LogPluginManager: Mounting plugin EditableMesh
LogPluginManager: Mounting plugin ExampleDeviceProfileSelector
LogPluginManager: Mounting plugin Firebase
LogPluginManager: Mounting plugin GoogleCloudMessaging
LogPluginManager: Mounting plugin IOSDeviceProfileSelector
LogPluginManager: Mounting plugin LinuxDeviceProfileSelector
LogPluginManager: Mounting plugin LocationServicesBPLibrary
LogPluginManager: Mounting plugin MobilePatchingUtils
LogPluginManager: Mounting plugin OculusVR
LogPluginManager: Mounting plugin PhysXVehicles
LogPluginManager: Mounting plugin ProceduralMeshComponent
LogPluginManager: Mounting plugin RuntimePhysXCooking
LogPluginManager: Mounting plugin SignificanceManager
LogPluginManager: Mounting plugin SteamVR
LogPluginManager: Mounting plugin WebMMoviePlayer
LogPluginManager: Mounting plugin WindowsMoviePlayer
LogInit: Using libcurl 7.55.1-DEV
LogInit:  - built for x86_64-pc-win32
LogInit:  - supports SSL with OpenSSL/1.1.1
LogInit:  - supports HTTP deflate (compression) using libz 1.2.8
LogInit:  - other features:
LogInit:      CURL_VERSION_SSL
LogInit:      CURL_VERSION_LIBZ
LogInit:      CURL_VERSION_IPV6
LogInit:      CURL_VERSION_ASYNCHDNS
LogInit:      CURL_VERSION_LARGEFILE
LogInit:      CURL_VERSION_IDN
LogInit:  CurlRequestOptions (configurable via config and command line):
LogInit:  - bVerifyPeer = true  - Libcurl will verify peer certificate
LogInit:  - bUseHttpProxy = false  - Libcurl will NOT use HTTP proxy
LogInit:  - bDontReuseConnections = false  - Libcurl will reuse connections
LogInit:  - MaxHostConnections = 16  - Libcurl will limit the number of connections to a host
LogInit:  - LocalHostAddr = Default
LogInit:  - BufferSize = 65536
LogInit: WinSock: version 1.1 (2.2), MaxSocks=32767, MaxUdp=65467
LogInit: Build: ++UE4+Release-4.22-CL-6063286
LogInit: Engine Version: 4.22.1-6063286+++UE4+Release-4.22
LogInit: Compatible Engine Version: 4.22.0-5660361+++UE4+Release-4.22
LogInit: Net CL: 5660361
LogInit: OS: Windows 10 (Release 1803) (), CPU: Intel(R) Core(TM) i7-8700 CPU @ 3.20GHz, GPU: NVIDIA GeForce GTX 1070
LogInit: Compiled (64-bit): Apr 24 2019 04:36:48
LogInit: Compiled with Visual C++: 19.16.27025.01
LogInit: Build Configuration: Development
LogInit: Branch Name: ++UE4+Release-4.22
LogInit: Command Line: 
LogInit: Base Directory: C:/Program Files/Epic Games/UE_4.22/Engine/Binaries/Win64/
LogInit: Installed Engine Build: 1
LogDevObjectVersion: Number of dev versions registered: 23
LogDevObjectVersion:   Dev-Blueprints (B0D832E4-1F89-4F0D-ACCF-7EB736FD4AA2): 10
LogDevObjectVersion:   Dev-Build (E1C64328-A22C-4D53-A36C-8E866417BD8C): 0
LogDevObjectVersion:   Dev-Core (375EC13C-06E4-48FB-B500-84F0262A717E): 3
LogDevObjectVersion:   Dev-Editor (E4B068ED-F494-42E9-A231-DA0B2E46BB41): 30
LogDevObjectVersion:   Dev-Framework (CFFC743F-43B0-4480-9391-14DF171D2073): 35
LogDevObjectVersion:   Dev-Mobile (B02B49B5-BB20-44E9-A304-32B752E40360): 2
LogDevObjectVersion:   Dev-Networking (A4E4105C-59A1-49B5-A7C5-40C4547EDFEE): 0
LogDevObjectVersion:   Dev-Online (39C831C9-5AE6-47DC-9A44-9C173E1C8E7C): 0
LogDevObjectVersion:   Dev-Physics (78F01B33-EBEA-4F98-B9B4-84EACCB95AA2): 0
LogDevObjectVersion:   Dev-Platform (6631380F-2D4D-43E0-8009-CF276956A95A): 0
LogDevObjectVersion:   Dev-Rendering (12F88B9F-8875-4AFC-A67C-D90C383ABD29): 28
LogDevObjectVersion:   Dev-Sequencer (7B5AE74C-D270-4C10-A958-57980B212A5A): 11
LogDevObjectVersion:   Dev-VR (D7296918-1DD6-4BDD-9DE2-64A83CC13884): 2
LogDevObjectVersion:   Dev-LoadTimes (C2A15278-BFE7-4AFE-6C17-90FF531DF755): 1
LogDevObjectVersion:   Private-Geometry (6EACA3D4-40EC-4CC1-B786-8BED09428FC5): 3
LogDevObjectVersion:   Dev-AnimPhys (29E575DD-E0A3-4627-9D10-D276232CDCEA): 17
LogDevObjectVersion:   Dev-Anim (AF43A65D-7FD3-4947-9873-3E8ED9C1BB05): 2
LogDevObjectVersion:   Dev-ReflectionCapture (6B266CEC-1EC7-4B8F-A30B-E4D90942FC07): 1
LogDevObjectVersion:   Dev-Automation (0DF73D61-A23F-47EA-B727-89E90C41499A): 1
LogDevObjectVersion:   FortniteMain (601D1886-AC64-4F84-AA16-D3DE0DEAC7D6): 25
LogDevObjectVersion:   Dev-Enterprise (9DFFBCD6-494F-0158-E221-12823C92A888): 6
LogDevObjectVersion:   Dev-Niagara (F2AED0AC-9AFE-416F-8664-AA7FFA26D6FC): 1
LogDevObjectVersion:   Dev-Destruction (174F1F0B-B4C6-45A5-B13F-2EE8D0FB917D): 2
LogInit: Presizing for max 16777216 objects, including 0 objects not considered by GC, pre-allocating 0 bytes for permanent pool.
LogInit: Object subsystem initialized
LogConfig: Setting CVar [[con.DebugEarlyDefault:1]]
LogConfig: Setting CVar [[r.setres:1280x720]]
[2019.06.24-21.30.16:986][  0]LogConfig: Setting CVar [[r.VSync:0]]
[2019.06.24-21.30.16:986][  0]LogConfig: Setting CVar [[r.RHICmdBypass:0]]
[2019.06.24-21.30.16:986][  0]LogConfig: Applying CVar settings from Section [/Script/Engine.RendererSettings] File [C:/Users/menoc/Documents/Unreal Projects/beatabel/Saved/Config/Windows/Engine.ini]
[2019.06.24-21.30.16:986][  0]LogConfig: Setting CVar [[r.GPUCrashDebugging:0]]
[2019.06.24-21.30.16:986][  0]LogConfig: Applying CVar settings from Section [/Script/Engine.RendererOverrideSettings] File [C:/Users/menoc/Documents/Unreal Projects/beatabel/Saved/Config/Windows/Engine.ini]
[2019.06.24-21.30.16:986][  0]LogConfig: Applying CVar settings from Section [/Script/Engine.StreamingSettings] File [C:/Users/menoc/Documents/Unreal Projects/beatabel/Saved/Config/Windows/Engine.ini]
[2019.06.24-21.30.16:986][  0]LogConfig: Setting CVar [[s.MinBulkDataSizeForAsyncLoading:131072]]
[2019.06.24-21.30.16:986][  0]LogConfig: Setting CVar [[s.AsyncLoadingThreadEnabled:0]]
[2019.06.24-21.30.16:986][  0]LogConfig: Setting CVar [[s.EventDrivenLoaderEnabled:1]]
[2019.06.24-21.30.16:986][  0]LogConfig: Setting CVar [[s.WarnIfTimeLimitExceeded:0]]
[2019.06.24-21.30.16:986][  0]LogConfig: Setting CVar [[s.TimeLimitExceededMultiplier:1.5]]
[2019.06.24-21.30.16:986][  0]LogConfig: Setting CVar [[s.TimeLimitExceededMinTime:0.005]]
[2019.06.24-21.30.16:986][  0]LogConfig: Setting CVar [[s.UseBackgroundLevelStreaming:1]]
[2019.06.24-21.30.16:986][  0]LogConfig: Setting CVar [[s.PriorityAsyncLoadingExtraTime:15.0]]
[2019.06.24-21.30.16:986][  0]LogConfig: Setting CVar [[s.LevelStreamingActorsUpdateTimeLimit:5.0]]
[2019.06.24-21.30.16:986][  0]LogConfig: Setting CVar [[s.PriorityLevelStreamingActorsUpdateExtraTime:5.0]]
[2019.06.24-21.30.16:986][  0]LogConfig: Setting CVar [[s.LevelStreamingComponentsRegistrationGranularity:10]]
[2019.06.24-21.30.16:986][  0]LogConfig: Setting CVar [[s.UnregisterComponentsTimeLimit:1.0]]
[2019.06.24-21.30.16:986][  0]LogConfig: Setting CVar [[s.LevelStreamingComponentsUnregistrationGranularity:5]]
[2019.06.24-21.30.16:986][  0]LogConfig: Applying CVar settings from Section [/Script/Engine.GarbageCollectionSettings] File [C:/Users/menoc/Documents/Unreal Projects/beatabel/Saved/Config/Windows/Engine.ini]
[2019.06.24-21.30.16:986][  0]LogConfig: Setting CVar [[gc.MaxObjectsNotConsideredByGC:1]]
[2019.06.24-21.30.16:986][  0]LogConfig: Setting CVar [[gc.SizeOfPermanentObjectPool:0]]
[2019.06.24-21.30.16:986][  0]LogConfig: Setting CVar [[gc.FlushStreamingOnGC:0]]
[2019.06.24-21.30.16:986][  0]LogConfig: Setting CVar [[gc.NumRetriesBeforeForcingGC:10]]
[2019.06.24-21.30.16:986][  0]LogConfig: Setting CVar [[gc.AllowParallelGC:1]]
[2019.06.24-21.30.16:986][  0]LogConfig: Setting CVar [[gc.TimeBetweenPurgingPendingKillObjects:61.1]]
[2019.06.24-21.30.16:986][  0]LogConfig: Setting CVar [[gc.MaxObjectsInEditor:16777216]]
[2019.06.24-21.30.16:986][  0]LogConfig: Setting CVar [[gc.IncrementalBeginDestroyEnabled:1]]
[2019.06.24-21.30.16:986][  0]LogConfig: Setting CVar [[gc.CreateGCClusters:1]]
[2019.06.24-21.30.16:986][  0]LogConfig: Setting CVar [[gc.MinGCClusterSize:5]]
[2019.06.24-21.30.16:986][  0]LogConfig: Setting CVar [[gc.ActorClusteringEnabled:0]]
[2019.06.24-21.30.16:986][  0]LogConfig: Setting CVar [[gc.BlueprintClusteringEnabled:0]]
[2019.06.24-21.30.16:986][  0]LogConfig: Setting CVar [[gc.UseDisregardForGCOnDedicatedServers:0]]
[2019.06.24-21.30.16:986][  0]LogConfig: Applying CVar settings from Section [/Script/Engine.NetworkSettings] File [C:/Users/menoc/Documents/Unreal Projects/beatabel/Saved/Config/Windows/Engine.ini]
[2019.06.24-21.30.16:986][  0]LogConfig: Applying CVar settings from Section [/Script/UnrealEd.CookerSettings] File [C:/Users/menoc/Documents/Unreal Projects/beatabel/Saved/Config/Windows/Engine.ini]
[2019.06.24-21.30.16:988][  0]LogConfig: Applying CVar settings from Section [ViewDistanceQuality@3] File [C:/Users/menoc/Documents/Unreal Projects/beatabel/Saved/Config/Windows/Scalability.ini]
[2019.06.24-21.30.16:988][  0]LogConfig: Setting CVar [[r.SkeletalMeshLODBias:0]]
[2019.06.24-21.30.16:988][  0]LogConfig: Setting CVar [[r.ViewDistanceScale:1.0]]
[2019.06.24-21.30.16:988][  0]LogConfig: Applying CVar settings from Section [AntiAliasingQuality@3] File [C:/Users/menoc/Documents/Unreal Projects/beatabel/Saved/Config/Windows/Scalability.ini]
[2019.06.24-21.30.16:988][  0]LogConfig: Setting CVar [[r.PostProcessAAQuality:4]]
[2019.06.24-21.30.16:988][  0]LogConfig: Applying CVar settings from Section [ShadowQuality@3] File [C:/Users/menoc/Documents/Unreal Projects/beatabel/Saved/Config/Windows/Scalability.ini]
[2019.06.24-21.30.16:988][  0]LogConfig: Setting CVar [[r.LightFunctionQuality:1]]
[2019.06.24-21.30.16:988][  0]LogConfig: Setting CVar [[r.ShadowQuality:5]]
[2019.06.24-21.30.16:988][  0]LogConfig: Setting CVar [[r.Shadow.CSM.MaxCascades:10]]
[2019.06.24-21.30.16:988][  0]LogConfig: Setting CVar [[r.Shadow.MaxResolution:2048]]
[2019.06.24-21.30.16:988][  0]LogConfig: Setting CVar [[r.Shadow.MaxCSMResolution:2048]]
[2019.06.24-21.30.16:989][  0]LogConfig: Setting CVar [[r.Shadow.RadiusThreshold:0.01]]
[2019.06.24-21.30.16:989][  0]LogConfig: Setting CVar [[r.Shadow.DistanceScale:1.0]]
[2019.06.24-21.30.16:989][  0]LogConfig: Setting CVar [[r.Shadow.CSM.TransitionScale:1.0]]
[2019.06.24-21.30.16:989][  0]LogConfig: Setting CVar [[r.Shadow.PreShadowResolutionFactor:1.0]]
[2019.06.24-21.30.16:989][  0]LogConfig: Setting CVar [[r.DistanceFieldShadowing:1]]
[2019.06.24-21.30.16:989][  0]LogConfig: Setting CVar [[r.DistanceFieldAO:1]]
[2019.06.24-21.30.16:989][  0]LogConfig: Setting CVar [[r.AOQuality:2]]
[2019.06.24-21.30.16:989][  0]LogConfig: Setting CVar [[r.VolumetricFog:1]]
[2019.06.24-21.30.16:989][  0]LogConfig: Setting CVar [[r.VolumetricFog.GridPixelSize:8]]
[2019.06.24-21.30.16:989][  0]LogConfig: Setting CVar [[r.VolumetricFog.GridSizeZ:128]]
[2019.06.24-21.30.16:989][  0]LogConfig: Setting CVar [[r.VolumetricFog.HistoryMissSupersampleCount:4]]
[2019.06.24-21.30.16:989][  0]LogConfig: Setting CVar [[r.LightMaxDrawDistanceScale:1]]
[2019.06.24-21.30.16:989][  0]LogConfig: Setting CVar [[r.CapsuleShadows:1]]
[2019.06.24-21.30.16:989][  0]LogConfig: Applying CVar settings from Section [PostProcessQuality@3] File [C:/Users/menoc/Documents/Unreal Projects/beatabel/Saved/Config/Windows/Scalability.ini]
[2019.06.24-21.30.16:989][  0]LogConfig: Setting CVar [[r.MotionBlurQuality:4]]
[2019.06.24-21.30.16:989][  0]LogConfig: Setting CVar [[r.AmbientOcclusionMipLevelFactor:0.4]]
[2019.06.24-21.30.16:989][  0]LogConfig: Setting CVar [[r.AmbientOcclusionMaxQuality:100]]
[2019.06.24-21.30.16:989][  0]LogConfig: Setting CVar [[r.AmbientOcclusionLevels:-1]]
[2019.06.24-21.30.16:989][  0]LogConfig: Setting CVar [[r.AmbientOcclusionRadiusScale:1.0]]
[2019.06.24-21.30.16:989][  0]LogConfig: Setting CVar [[r.DepthOfFieldQuality:2]]
[2019.06.24-21.30.16:989][  0]LogConfig: Setting CVar [[r.RenderTargetPoolMin:400]]
[2019.06.24-21.30.16:989][  0]LogConfig: Setting CVar [[r.LensFlareQuality:2]]
[2019.06.24-21.30.16:989][  0]LogConfig: Setting CVar [[r.SceneColorFringeQuality:1]]
[2019.06.24-21.30.16:989][  0]LogConfig: Setting CVar [[r.EyeAdaptationQuality:2]]
[2019.06.24-21.30.16:989][  0]LogConfig: Setting CVar [[r.BloomQuality:5]]
[2019.06.24-21.30.16:989][  0]LogConfig: Setting CVar [[r.FastBlurThreshold:100]]
[2019.06.24-21.30.16:989][  0]LogConfig: Setting CVar [[r.Upscale.Quality:3]]
[2019.06.24-21.30.16:989][  0]LogConfig: Setting CVar [[r.Tonemapper.GrainQuantization:1]]
[2019.06.24-21.30.16:989][  0]LogConfig: Setting CVar [[r.LightShaftQuality:1]]
[2019.06.24-21.30.16:989][  0]LogConfig: Setting CVar [[r.Filter.SizeScale:1]]
[2019.06.24-21.30.16:989][  0]LogConfig: Setting CVar [[r.Tonemapper.Quality:5]]
[2019.06.24-21.30.16:989][  0]LogConfig: Setting CVar [[r.DOF.Gather.AccumulatorQuality:1        ; higher gathering accumulator quality]]
[2019.06.24-21.30.16:989][  0]LogConfig: Setting CVar [[r.DOF.Gather.PostfilterMethod:1          ; Median3x3 postfilering method]]
[2019.06.24-21.30.16:989][  0]LogConfig: Setting CVar [[r.DOF.Gather.EnableBokehSettings:0       ; no bokeh simulation when gathering]]
[2019.06.24-21.30.16:989][  0]LogConfig: Setting CVar [[r.DOF.Gather.RingCount:4                 ; medium number of samples when gathering]]
[2019.06.24-21.30.16:989][  0]LogConfig: Setting CVar [[r.DOF.Scatter.ForegroundCompositing:1    ; additive foreground scattering]]
[2019.06.24-21.30.16:989][  0]LogConfig: Setting CVar [[r.DOF.Scatter.BackgroundCompositing:2    ; additive background scattering]]
[2019.06.24-21.30.16:989][  0]LogConfig: Setting CVar [[r.DOF.Scatter.EnableBokehSettings:1      ; bokeh simulation when scattering]]
[2019.06.24-21.30.16:989][  0]LogConfig: Setting CVar [[r.DOF.Scatter.MaxSpriteRatio:0.1         ; only a maximum of 10% of scattered bokeh]]
[2019.06.24-21.30.16:989][  0]LogConfig: Setting CVar [[r.DOF.Recombine.Quality:1                ; cheap slight out of focus]]
[2019.06.24-21.30.16:989][  0]LogConfig: Setting CVar [[r.DOF.Recombine.EnableBokehSettings:0    ; no bokeh simulation on slight out of focus]]
[2019.06.24-21.30.16:989][  0]LogConfig: Setting CVar [[r.DOF.TemporalAAQuality:1                ; more stable temporal accumulation]]
[2019.06.24-21.30.16:989][  0]LogConfig: Setting CVar [[r.DOF.Kernel.MaxForegroundRadius:0.025]]
[2019.06.24-21.30.16:989][  0]LogConfig: Setting CVar [[r.DOF.Kernel.MaxBackgroundRadius:0.025]]
[2019.06.24-21.30.16:989][  0]LogConfig: Applying CVar settings from Section [TextureQuality@3] File [C:/Users/menoc/Documents/Unreal Projects/beatabel/Saved/Config/Windows/Scalability.ini]
[2019.06.24-21.30.16:989][  0]LogConfig: Setting CVar [[r.Streaming.MipBias:0]]
[2019.06.24-21.30.16:989][  0]LogConfig: Setting CVar [[r.Streaming.AmortizeCPUToGPUCopy:0]]
[2019.06.24-21.30.16:989][  0]LogConfig: Setting CVar [[r.Streaming.MaxNumTexturesToStreamPerFrame:0]]
[2019.06.24-21.30.16:989][  0]LogConfig: Setting CVar [[r.Streaming.Boost:1]]
[2019.06.24-21.30.16:989][  0]LogConfig: Setting CVar [[r.MaxAnisotropy:8]]
[2019.06.24-21.30.16:989][  0]LogConfig: Setting CVar [[r.Streaming.LimitPoolSizeToVRAM:0]]
[2019.06.24-21.30.16:989][  0]LogConfig: Setting CVar [[r.Streaming.PoolSize:1000]]
[2019.06.24-21.30.16:989][  0]LogConfig: Setting CVar [[r.Streaming.MaxEffectiveScreenSize:0]]
[2019.06.24-21.30.16:989][  0]LogConfig: Applying CVar settings from Section [EffectsQuality@3] File [C:/Users/menoc/Documents/Unreal Projects/beatabel/Saved/Config/Windows/Scalability.ini]
[2019.06.24-21.30.16:989][  0]LogConfig: Setting CVar [[r.TranslucencyLightingVolumeDim:64]]
[2019.06.24-21.30.16:989][  0]LogConfig: Setting CVar [[r.RefractionQuality:2]]
[2019.06.24-21.30.16:989][  0]LogConfig: Setting CVar [[r.SSR.Quality:3]]
[2019.06.24-21.30.16:989][  0]LogConfig: Setting CVar [[r.SceneColorFormat:4]]
[2019.06.24-21.30.16:989][  0]LogConfig: Setting CVar [[r.DetailMode:2]]
[2019.06.24-21.30.16:989][  0]LogConfig: Setting CVar [[r.TranslucencyVolumeBlur:1]]
[2019.06.24-21.30.16:989][  0]LogConfig: Setting CVar [[r.MaterialQualityLevel:1 ; High quality]]
[2019.06.24-21.30.16:989][  0]LogConfig: Setting CVar [[r.SSS.Scale:1]]
[2019.06.24-21.30.16:989][  0]LogConfig: Setting CVar [[r.SSS.SampleSet:2]]
[2019.06.24-21.30.16:989][  0]LogConfig: Setting CVar [[r.SSS.Quality:1]]
[2019.06.24-21.30.16:989][  0]LogConfig: Setting CVar [[r.SSS.HalfRes:1]]
[2019.06.24-21.30.16:989][  0]LogConfig: Setting CVar [[r.EmitterSpawnRateScale:1.0]]
[2019.06.24-21.30.16:989][  0]LogConfig: Setting CVar [[r.ParticleLightQuality:2]]
[2019.06.24-21.30.16:989][  0]LogConfig: Applying CVar settings from Section [FoliageQuality@3] File [C:/Users/menoc/Documents/Unreal Projects/beatabel/Saved/Config/Windows/Scalability.ini]
[2019.06.24-21.30.16:989][  0]LogConfig: Setting CVar [[foliage.DensityScale:1.0]]
[2019.06.24-21.30.16:989][  0]LogConfig: Setting CVar [[grass.DensityScale:1.0]]
[2019.06.24-21.30.16:989][  0]LogInit: Selected Device Profile: [Windows]
[2019.06.24-21.30.16:989][  0]LogInit: Applying CVar settings loaded from the selected device profile: [Windows]
[2019.06.24-21.30.16:995][  0]LogHAL: Display: Platform has ~ 16 GB [17059164160 / 17179869184 / 16], which maps to Larger [LargestMinGB=32, LargerMinGB=12, DefaultMinGB=8, SmallerMinGB=6, SmallestMinGB=0)
[2019.06.24-21.30.16:995][  0]LogConfig: Setting CVar [[r.Vulkan.UseRealUBs:0		; Required until we fix HLR fall-out]]
[2019.06.24-21.30.16:995][  0]LogInit: Going up to parent DeviceProfile []
[2019.06.24-21.30.16:995][  0]LogConfig: Applying CVar settings from Section [ViewDistanceQuality@3] File [C:/Users/menoc/Documents/Unreal Projects/beatabel/Saved/Config/Windows/Scalability.ini]
[2019.06.24-21.30.16:995][  0]LogConfig: Setting CVar [[r.SkeletalMeshLODBias:0]]
[2019.06.24-21.30.16:995][  0]LogConfig: Setting CVar [[r.ViewDistanceScale:1.0]]
[2019.06.24-21.30.16:995][  0]LogConfig: Applying CVar settings from Section [AntiAliasingQuality@3] File [C:/Users/menoc/Documents/Unreal Projects/beatabel/Saved/Config/Windows/Scalability.ini]
[2019.06.24-21.30.16:995][  0]LogConfig: Setting CVar [[r.PostProcessAAQuality:4]]
[2019.06.24-21.30.16:995][  0]LogConfig: Applying CVar settings from Section [ShadowQuality@3] File [C:/Users/menoc/Documents/Unreal Projects/beatabel/Saved/Config/Windows/Scalability.ini]
[2019.06.24-21.30.16:995][  0]LogConfig: Setting CVar [[r.LightFunctionQuality:1]]
[2019.06.24-21.30.16:995][  0]LogConfig: Setting CVar [[r.ShadowQuality:5]]
[2019.06.24-21.30.16:995][  0]LogConfig: Setting CVar [[r.Shadow.CSM.MaxCascades:10]]
[2019.06.24-21.30.16:995][  0]LogConfig: Setting CVar [[r.Shadow.MaxResolution:2048]]
[2019.06.24-21.30.16:995][  0]LogConfig: Setting CVar [[r.Shadow.MaxCSMResolution:2048]]
[2019.06.24-21.30.16:995][  0]LogConfig: Setting CVar [[r.Shadow.RadiusThreshold:0.01]]
[2019.06.24-21.30.16:995][  0]LogConfig: Setting CVar [[r.Shadow.DistanceScale:1.0]]
[2019.06.24-21.30.16:995][  0]LogConfig: Setting CVar [[r.Shadow.CSM.TransitionScale:1.0]]
[2019.06.24-21.30.16:995][  0]LogConfig: Setting CVar [[r.Shadow.PreShadowResolutionFactor:1.0]]
[2019.06.24-21.30.16:995][  0]LogConfig: Setting CVar [[r.DistanceFieldShadowing:1]]
[2019.06.24-21.30.16:995][  0]LogConfig: Setting CVar [[r.DistanceFieldAO:1]]
[2019.06.24-21.30.16:995][  0]LogConfig: Setting CVar [[r.AOQuality:2]]
[2019.06.24-21.30.16:995][  0]LogConfig: Setting CVar [[r.VolumetricFog:1]]
[2019.06.24-21.30.16:995][  0]LogConfig: Setting CVar [[r.VolumetricFog.GridPixelSize:8]]
[2019.06.24-21.30.16:995][  0]LogConfig: Setting CVar [[r.VolumetricFog.GridSizeZ:128]]
[2019.06.24-21.30.16:995][  0]LogConfig: Setting CVar [[r.VolumetricFog.HistoryMissSupersampleCount:4]]
[2019.06.24-21.30.16:995][  0]LogConfig: Setting CVar [[r.LightMaxDrawDistanceScale:1]]
[2019.06.24-21.30.16:995][  0]LogConfig: Setting CVar [[r.CapsuleShadows:1]]
[2019.06.24-21.30.16:995][  0]LogConfig: Applying CVar settings from Section [PostProcessQuality@3] File [C:/Users/menoc/Documents/Unreal Projects/beatabel/Saved/Config/Windows/Scalability.ini]
[2019.06.24-21.30.16:995][  0]LogConfig: Setting CVar [[r.MotionBlurQuality:4]]
[2019.06.24-21.30.16:995][  0]LogConfig: Setting CVar [[r.AmbientOcclusionMipLevelFactor:0.4]]
[2019.06.24-21.30.16:995][  0]LogConfig: Setting CVar [[r.AmbientOcclusionMaxQuality:100]]
[2019.06.24-21.30.16:995][  0]LogConfig: Setting CVar [[r.AmbientOcclusionLevels:-1]]
[2019.06.24-21.30.16:995][  0]LogConfig: Setting CVar [[r.AmbientOcclusionRadiusScale:1.0]]
[2019.06.24-21.30.16:995][  0]LogConfig: Setting CVar [[r.DepthOfFieldQuality:2]]
[2019.06.24-21.30.16:995][  0]LogConfig: Setting CVar [[r.RenderTargetPoolMin:400]]
[2019.06.24-21.30.16:995][  0]LogConfig: Setting CVar [[r.LensFlareQuality:2]]
[2019.06.24-21.30.16:995][  0]LogConfig: Setting CVar [[r.SceneColorFringeQuality:1]]
[2019.06.24-21.30.16:995][  0]LogConfig: Setting CVar [[r.EyeAdaptationQuality:2]]
[2019.06.24-21.30.16:995][  0]LogConfig: Setting CVar [[r.BloomQuality:5]]
[2019.06.24-21.30.16:995][  0]LogConfig: Setting CVar [[r.FastBlurThreshold:100]]
[2019.06.24-21.30.16:995][  0]LogConfig: Setting CVar [[r.Upscale.Quality:3]]
[2019.06.24-21.30.16:995][  0]LogConfig: Setting CVar [[r.Tonemapper.GrainQuantization:1]]
[2019.06.24-21.30.16:995][  0]LogConfig: Setting CVar [[r.LightShaftQuality:1]]
[2019.06.24-21.30.16:995][  0]LogConfig: Setting CVar [[r.Filter.SizeScale:1]]
[2019.06.24-21.30.16:995][  0]LogConfig: Setting CVar [[r.Tonemapper.Quality:5]]
[2019.06.24-21.30.16:995][  0]LogConfig: Setting CVar [[r.DOF.Gather.AccumulatorQuality:1        ; higher gathering accumulator quality]]
[2019.06.24-21.30.16:995][  0]LogConfig: Setting CVar [[r.DOF.Gather.PostfilterMethod:1          ; Median3x3 postfilering method]]
[2019.06.24-21.30.16:995][  0]LogConfig: Setting CVar [[r.DOF.Gather.EnableBokehSettings:0       ; no bokeh simulation when gathering]]
[2019.06.24-21.30.16:995][  0]LogConfig: Setting CVar [[r.DOF.Gather.RingCount:4                 ; medium number of samples when gathering]]
[2019.06.24-21.30.16:995][  0]LogConfig: Setting CVar [[r.DOF.Scatter.ForegroundCompositing:1    ; additive foreground scattering]]
[2019.06.24-21.30.16:995][  0]LogConfig: Setting CVar [[r.DOF.Scatter.BackgroundCompositing:2    ; additive background scattering]]
[2019.06.24-21.30.16:995][  0]LogConfig: Setting CVar [[r.DOF.Scatter.EnableBokehSettings:1      ; bokeh simulation when scattering]]
[2019.06.24-21.30.16:995][  0]LogConfig: Setting CVar [[r.DOF.Scatter.MaxSpriteRatio:0.1         ; only a maximum of 10% of scattered bokeh]]
[2019.06.24-21.30.16:995][  0]LogConfig: Setting CVar [[r.DOF.Recombine.Quality:1                ; cheap slight out of focus]]
[2019.06.24-21.30.16:995][  0]LogConfig: Setting CVar [[r.DOF.Recombine.EnableBokehSettings:0    ; no bokeh simulation on slight out of focus]]
[2019.06.24-21.30.16:995][  0]LogConfig: Setting CVar [[r.DOF.TemporalAAQuality:1                ; more stable temporal accumulation]]
[2019.06.24-21.30.16:995][  0]LogConfig: Setting CVar [[r.DOF.Kernel.MaxForegroundRadius:0.025]]
[2019.06.24-21.30.16:995][  0]LogConfig: Setting CVar [[r.DOF.Kernel.MaxBackgroundRadius:0.025]]
[2019.06.24-21.30.16:995][  0]LogConfig: Applying CVar settings from Section [TextureQuality@3] File [C:/Users/menoc/Documents/Unreal Projects/beatabel/Saved/Config/Windows/Scalability.ini]
[2019.06.24-21.30.16:995][  0]LogConfig: Setting CVar [[r.Streaming.MipBias:0]]
[2019.06.24-21.30.16:996][  0]LogConfig: Setting CVar [[r.Streaming.AmortizeCPUToGPUCopy:0]]
[2019.06.24-21.30.16:996][  0]LogConfig: Setting CVar [[r.Streaming.MaxNumTexturesToStreamPerFrame:0]]
[2019.06.24-21.30.16:996][  0]LogConfig: Setting CVar [[r.Streaming.Boost:1]]
[2019.06.24-21.30.16:996][  0]LogConfig: Setting CVar [[r.MaxAnisotropy:8]]
[2019.06.24-21.30.16:996][  0]LogConfig: Setting CVar [[r.Streaming.LimitPoolSizeToVRAM:0]]
[2019.06.24-21.30.16:996][  0]LogConfig: Setting CVar [[r.Streaming.PoolSize:1000]]
[2019.06.24-21.30.16:996][  0]LogConfig: Setting CVar [[r.Streaming.MaxEffectiveScreenSize:0]]
[2019.06.24-21.30.16:996][  0]LogConfig: Applying CVar settings from Section [EffectsQuality@3] File [C:/Users/menoc/Documents/Unreal Projects/beatabel/Saved/Config/Windows/Scalability.ini]
[2019.06.24-21.30.16:996][  0]LogConfig: Setting CVar [[r.TranslucencyLightingVolumeDim:64]]
[2019.06.24-21.30.16:996][  0]LogConfig: Setting CVar [[r.RefractionQuality:2]]
[2019.06.24-21.30.16:996][  0]LogConfig: Setting CVar [[r.SSR.Quality:3]]
[2019.06.24-21.30.16:996][  0]LogConfig: Setting CVar [[r.SceneColorFormat:4]]
[2019.06.24-21.30.16:996][  0]LogConfig: Setting CVar [[r.DetailMode:2]]
[2019.06.24-21.30.16:996][  0]LogConfig: Setting CVar [[r.TranslucencyVolumeBlur:1]]
[2019.06.24-21.30.16:996][  0]LogConfig: Setting CVar [[r.MaterialQualityLevel:1 ; High quality]]
[2019.06.24-21.30.16:996][  0]LogConfig: Setting CVar [[r.SSS.Scale:1]]
[2019.06.24-21.30.16:996][  0]LogConfig: Setting CVar [[r.SSS.SampleSet:2]]
[2019.06.24-21.30.16:996][  0]LogConfig: Setting CVar [[r.SSS.Quality:1]]
[2019.06.24-21.30.16:996][  0]LogConfig: Setting CVar [[r.SSS.HalfRes:1]]
[2019.06.24-21.30.16:996][  0]LogConfig: Setting CVar [[r.EmitterSpawnRateScale:1.0]]
[2019.06.24-21.30.16:996][  0]LogConfig: Setting CVar [[r.ParticleLightQuality:2]]
[2019.06.24-21.30.16:996][  0]LogConfig: Applying CVar settings from Section [FoliageQuality@3] File [C:/Users/menoc/Documents/Unreal Projects/beatabel/Saved/Config/Windows/Scalability.ini]
[2019.06.24-21.30.16:996][  0]LogConfig: Setting CVar [[foliage.DensityScale:1.0]]
[2019.06.24-21.30.16:996][  0]LogConfig: Setting CVar [[grass.DensityScale:1.0]]
[2019.06.24-21.30.16:996][  0]LogConfig: Applying CVar settings from Section [Startup] File [../../../Engine/Config/ConsoleVariables.ini]
[2019.06.24-21.30.16:996][  0]LogConfig: Setting CVar [[net.UseAdaptiveNetUpdateFrequency:0]]
[2019.06.24-21.30.16:996][  0]LogConfig: Setting CVar [[p.chaos.AllowCreatePhysxBodies:1]]
[2019.06.24-21.30.16:996][  0]LogConfig: Applying CVar settings from Section [ConsoleVariables] File [C:/Users/menoc/Documents/Unreal Projects/beatabel/Saved/Config/Windows/Engine.ini]
[2019.06.24-21.30.16:996][  0]LogInit: Computer: DESKTOP-JK8L55L
[2019.06.24-21.30.16:996][  0]LogInit: User: menoc
[2019.06.24-21.30.16:996][  0]LogInit: CPU Page size=4096, Cores=6
[2019.06.24-21.30.16:996][  0]LogInit: High frequency timer resolution =3.117189 MHz
[2019.06.24-21.30.16:996][  0]LogMemory: Memory total: Physical=15.9GB (16GB approx)
[2019.06.24-21.30.16:996][  0]LogMemory: Platform Memory Stats for Windows
[2019.06.24-21.30.16:996][  0]LogMemory: Process Physical Memory: 98.54 MB used, 98.54 MB peak
[2019.06.24-21.30.16:996][  0]LogMemory: Process Virtual Memory: 90.02 MB used, 90.02 MB peak
[2019.06.24-21.30.16:996][  0]LogMemory: Physical Memory: 6564.18 MB used,  9704.71 MB free, 16268.89 MB total
[2019.06.24-21.30.16:996][  0]LogMemory: Virtual Memory: 4658.26 MB used,  134213072.00 MB free, 134217728.00 MB total
[2019.06.24-21.30.17:014][  0]LogInit: Using OS detected language (en-GB).
[2019.06.24-21.30.17:014][  0]LogInit: Using OS detected locale (en-US).
[2019.06.24-21.30.17:014][  0]LogTextLocalizationManager: No specific localization for 'en-GB' exists, so the 'en' localization will be used.
[2019.06.24-21.30.17:135][  0]LogInit: Setting process to per monitor DPI aware
[2019.06.24-21.30.17:160][  0]LogSlate: New Slate User Created.  User Index 0, Is Virtual User: 0
[2019.06.24-21.30.17:161][  0]LogSlate: Slate User Registered.  User Index 0, Is Virtual User: 0
[2019.06.24-21.30.17:296][  0]LogHMD: Failed to initialize OpenVR with code 110
[2019.06.24-21.30.17:296][  0]LogD3D11RHI: D3D11 adapters:
[2019.06.24-21.30.17:339][  0]LogD3D11RHI:    0. 'NVIDIA GeForce GTX 1070' (Feature Level 11_0)
[2019.06.24-21.30.17:339][  0]LogD3D11RHI:       8088/0/8134 MB DedicatedVideo/DedicatedSystem/SharedSystem, Outputs:1, VendorId:0x10de
[2019.06.24-21.30.17:348][  0]LogD3D11RHI:    1. 'Intel(R) UHD Graphics 630' (Feature Level 11_0)
[2019.06.24-21.30.17:348][  0]LogD3D11RHI:       128/0/8134 MB DedicatedVideo/DedicatedSystem/SharedSystem, Outputs:0, VendorId:0x8086
[2019.06.24-21.30.17:349][  0]LogD3D11RHI:    2. 'Microsoft Basic Render Driver' (Feature Level 11_0)
[2019.06.24-21.30.17:349][  0]LogD3D11RHI:       0/0/8134 MB DedicatedVideo/DedicatedSystem/SharedSystem, Outputs:0, VendorId:0x1414
[2019.06.24-21.30.17:349][  0]LogD3D11RHI: Chosen D3D11 Adapter: 0
[2019.06.24-21.30.17:355][  0]LogD3D11RHI: Creating new Direct3DDevice
[2019.06.24-21.30.17:355][  0]LogD3D11RHI:     GPU DeviceId: 0x1b81 (for the marketing name, search the web for "GPU Device Id")
[2019.06.24-21.30.17:355][  0]LogWindows: EnumDisplayDevices:
[2019.06.24-21.30.17:355][  0]LogWindows:    0. 'NVIDIA GeForce GTX 1070' (P:1 D:1)
[2019.06.24-21.30.17:355][  0]LogWindows:    1. 'NVIDIA GeForce GTX 1070' (P:0 D:0)
[2019.06.24-21.30.17:355][  0]LogWindows:    2. 'NVIDIA GeForce GTX 1070' (P:0 D:0)
[2019.06.24-21.30.17:355][  0]LogWindows:    3. 'NVIDIA GeForce GTX 1070' (P:0 D:0)
[2019.06.24-21.30.17:356][  0]LogWindows:    4. 'Intel(R) UHD Graphics 630' (P:0 D:0)
[2019.06.24-21.30.17:356][  0]LogWindows:    5. 'Intel(R) UHD Graphics 630' (P:0 D:0)
[2019.06.24-21.30.17:356][  0]LogWindows:    6. 'Intel(R) UHD Graphics 630' (P:0 D:0)
[2019.06.24-21.30.17:356][  0]LogWindows: DebugString: PrimaryIsNotTheChoosenAdapter PrimaryIsNotTheChoosenAdapter PrimaryIsNotTheChoosenAdapter FoundDriverCount:4 
[2019.06.24-21.30.17:356][  0]LogD3D11RHI:     Adapter Name: NVIDIA GeForce GTX 1070
[2019.06.24-21.30.17:356][  0]LogD3D11RHI:   Driver Version: 398.36 (internal:24.21.13.9836, unified:398.36)
[2019.06.24-21.30.17:356][  0]LogD3D11RHI:      Driver Date: 6-24-2018
[2019.06.24-21.30.17:356][  0]LogRHI: Texture pool is 5661 MB (70% of 8088 MB)
[2019.06.24-21.30.17:386][  0]LogD3D11RHI: Async texture creation enabled
[2019.06.24-21.30.17:393][  0]LogRendererCore: FGlobalReadBuffer::InitRHI
[2019.06.24-21.30.17:394][  0]LogRendererCore: FGlobalReadBuffer::InitRHI
[2019.06.24-21.30.17:394][  0]LogRendererCore: FGlobalReadBuffer::InitRHI
[2019.06.24-21.30.17:407][  0]LogD3D11RHI: GPU Timing Frequency: 1000.000000 (Debug: 2 2)
[2019.06.24-21.30.17:653][  0]LogTemp: Display: Module 'AllDesktopTargetPlatform' loaded TargetPlatform 'AllDesktop'
[2019.06.24-21.30.17:663][  0]LogTemp: Display: Module 'MacClientTargetPlatform' loaded TargetPlatform 'MacClient'
[2019.06.24-21.30.17:673][  0]LogTemp: Display: Module 'MacNoEditorTargetPlatform' loaded TargetPlatform 'MacNoEditor'
[2019.06.24-21.30.17:684][  0]LogTemp: Display: Module 'MacServerTargetPlatform' loaded TargetPlatform 'MacServer'
[2019.06.24-21.30.17:694][  0]LogTemp: Display: Module 'MacTargetPlatform' loaded TargetPlatform 'Mac'
[2019.06.24-21.30.17:704][  0]LogTemp: Display: Module 'WindowsClientTargetPlatform' loaded TargetPlatform 'WindowsClient'
[2019.06.24-21.30.17:715][  0]LogTemp: Display: Module 'WindowsNoEditorTargetPlatform' loaded TargetPlatform 'WindowsNoEditor'
[2019.06.24-21.30.17:725][  0]LogTemp: Display: Module 'WindowsServerTargetPlatform' loaded TargetPlatform 'WindowsServer'
[2019.06.24-21.30.17:729][  0]LogTemp: Display: Module 'WindowsTargetPlatform' loaded TargetPlatform 'Windows'
[2019.06.24-21.30.17:790][  0]LogTemp: Display: Module 'AndroidTargetPlatform' loaded TargetPlatform 'Android'
[2019.06.24-21.30.17:791][  0]LogTemp: Display: Module 'AndroidTargetPlatform' loaded TargetPlatform 'Android_ASTC'
[2019.06.24-21.30.17:791][  0]LogTemp: Display: Module 'AndroidTargetPlatform' loaded TargetPlatform 'Android_ATC'
[2019.06.24-21.30.17:791][  0]LogTemp: Display: Module 'AndroidTargetPlatform' loaded TargetPlatform 'Android_DXT'
[2019.06.24-21.30.17:791][  0]LogTemp: Display: Module 'AndroidTargetPlatform' loaded TargetPlatform 'Android_ETC1'
[2019.06.24-21.30.17:791][  0]LogTemp: Display: Module 'AndroidTargetPlatform' loaded TargetPlatform 'Android_ETC1a'
[2019.06.24-21.30.17:791][  0]LogTemp: Display: Module 'AndroidTargetPlatform' loaded TargetPlatform 'Android_ETC2'
[2019.06.24-21.30.17:791][  0]LogTemp: Display: Module 'AndroidTargetPlatform' loaded TargetPlatform 'Android_PVRTC'
[2019.06.24-21.30.17:791][  0]LogTemp: Display: Module 'AndroidTargetPlatform' loaded TargetPlatform 'AndroidClient'
[2019.06.24-21.30.17:791][  0]LogTemp: Display: Module 'AndroidTargetPlatform' loaded TargetPlatform 'Android_ASTCClient'
[2019.06.24-21.30.17:791][  0]LogTemp: Display: Module 'AndroidTargetPlatform' loaded TargetPlatform 'Android_ATCClient'
[2019.06.24-21.30.17:791][  0]LogTemp: Display: Module 'AndroidTargetPlatform' loaded TargetPlatform 'Android_DXTClient'
[2019.06.24-21.30.17:791][  0]LogTemp: Display: Module 'AndroidTargetPlatform' loaded TargetPlatform 'Android_ETC1Client'
[2019.06.24-21.30.17:791][  0]LogTemp: Display: Module 'AndroidTargetPlatform' loaded TargetPlatform 'Android_ETC1aClient'
[2019.06.24-21.30.17:791][  0]LogTemp: Display: Module 'AndroidTargetPlatform' loaded TargetPlatform 'Android_ETC2Client'
[2019.06.24-21.30.17:791][  0]LogTemp: Display: Module 'AndroidTargetPlatform' loaded TargetPlatform 'Android_PVRTCClient'
[2019.06.24-21.30.17:791][  0]LogTemp: Display: Module 'AndroidTargetPlatform' loaded TargetPlatform 'Android_Multi'
[2019.06.24-21.30.17:791][  0]LogTemp: Display: Module 'AndroidTargetPlatform' loaded TargetPlatform 'Android_MultiClient'
[2019.06.24-21.30.17:792][  0]LogTemp: Display: Module 'HTML5TargetPlatform' loaded TargetPlatform 'HTML5'
[2019.06.24-21.30.17:834][  0]LogTemp: Display: Module 'IOSTargetPlatform' loaded TargetPlatform 'IOSClient'
[2019.06.24-21.30.17:834][  0]LogTemp: Display: Module 'IOSTargetPlatform' loaded TargetPlatform 'IOS'
[2019.06.24-21.30.17:853][  0]LogTemp: Display: Module 'TVOSTargetPlatform' loaded TargetPlatform 'TVOSClient'
[2019.06.24-21.30.17:853][  0]LogTemp: Display: Module 'TVOSTargetPlatform' loaded TargetPlatform 'TVOS'
[2019.06.24-21.30.17:862][  0]LogTemp: Display: Module 'LinuxClientTargetPlatform' loaded TargetPlatform 'LinuxClient'
[2019.06.24-21.30.17:871][  0]LogTemp: Display: Module 'LinuxNoEditorTargetPlatform' loaded TargetPlatform 'LinuxNoEditor'
[2019.06.24-21.30.17:881][  0]LogTemp: Display: Module 'LinuxServerTargetPlatform' loaded TargetPlatform 'LinuxServer'
[2019.06.24-21.30.17:890][  0]LogTemp: Display: Module 'LinuxTargetPlatform' loaded TargetPlatform 'Linux'
[2019.06.24-21.30.17:924][  0]LogTemp: Display: Module 'LuminTargetPlatform' loaded TargetPlatform 'Lumin'
[2019.06.24-21.30.17:924][  0]LogTemp: Display: Module 'LuminTargetPlatform' loaded TargetPlatform 'LuminClient'
[2019.06.24-21.30.17:924][  0]LogTargetPlatformManager: Display: Building Assets For Windows
[2019.06.24-21.30.17:931][  0]LogAudioDebug: Display: Lib vorbis DLL was dynamically loaded.
[2019.06.24-21.30.17:967][  0]LogShaderCompilers: Guid format shader working directory is -19 characters bigger than the processId version (../../../../../../Users/menoc/Documents/Unreal Projects/beatabel/Intermediate/Shaders/WorkingDirectory/10480/).
[2019.06.24-21.30.17:967][  0]LogShaderCompilers: Cleaned the shader compiler working directory 'C:/Users/menoc/AppData/Local/Temp/UnrealShaderWorkingDir/7CDF6F9C416653E1A0EC489A084AC37E/'.
[2019.06.24-21.30.17:968][  0]LogXGEController: Cleaning working directory: C:/Users/menoc/AppData/Local/Temp/UnrealXGEWorkingDir/
[2019.06.24-21.30.17:968][  0]LogXGEController: Cannot use XGE Controller as Incredibuild is not installed on this machine.
[2019.06.24-21.30.17:968][  0]LogShaderCompilers: Cannot use XGE Shader Compiler as Incredibuild is not installed on this machine.
[2019.06.24-21.30.17:968][  0]LogShaderCompilers: Display: Using Local Shader Compiler.
[2019.06.24-21.30.18:405][  0]LogDerivedDataCache: Display: Max Cache Size: 512 MB
[2019.06.24-21.30.18:446][  0]LogDerivedDataCache: Loaded boot cache 0.04s 72MB C:/Users/menoc/AppData/Local/UnrealEngine/4.22/DerivedDataCache/Boot.ddc.
[2019.06.24-21.30.18:446][  0]LogDerivedDataCache: Display: Loaded Boot cache: C:/Users/menoc/AppData/Local/UnrealEngine/4.22/DerivedDataCache/Boot.ddc
[2019.06.24-21.30.18:446][  0]LogDerivedDataCache: FDerivedDataBackendGraph:  Pak pak cache file ../../../../../../Users/menoc/Documents/Unreal Projects/beatabel/DerivedDataCache/DDC.ddp not found, will not use a pak cache.
[2019.06.24-21.30.18:446][  0]LogDerivedDataCache: Unable to find inner node Pak for hierarchical cache Hierarchy.
[2019.06.24-21.30.18:446][  0]LogDerivedDataCache: FDerivedDataBackendGraph:  CompressedPak pak cache file ../../../../../../Users/menoc/Documents/Unreal Projects/beatabel/DerivedDataCache/Compressed.ddp not found, will not use a pak cache.
[2019.06.24-21.30.18:446][  0]LogDerivedDataCache: Unable to find inner node CompressedPak for hierarchical cache Hierarchy.
[2019.06.24-21.30.18:456][  0]LogDerivedDataCache: Display: Pak cache opened for reading ../../../Engine/DerivedDataCache/Compressed.ddp.
[2019.06.24-21.30.18:456][  0]LogDerivedDataCache: FDerivedDataBackendGraph:  EnterprisePak pak cache file ../../../Enterprise/DerivedDataCache/Compressed.ddp not found, will not use a pak cache.
[2019.06.24-21.30.18:456][  0]LogDerivedDataCache: Unable to find inner node EnterprisePak for hierarchical cache Hierarchy.
[2019.06.24-21.30.18:468][  0]LogDerivedDataCache: Using Local data cache path C:/Users/menoc/AppData/Local/UnrealEngine/Common/DerivedDataCache: Writable
[2019.06.24-21.30.18:468][  0]LogDerivedDataCache: Shared data cache path not found in *engine.ini, will not use an Shared cache.
[2019.06.24-21.30.18:468][  0]LogDerivedDataCache: Unable to find inner node Shared for hierarchical cache Hierarchy.
[2019.06.24-21.30.18:489][  0]LogMaterial: Verifying Global Shaders for PCD3D_SM5
[2019.06.24-21.30.18:490][  0]LogSlate: Using FreeType 2.6.0
[2019.06.24-21.30.18:490][  0]LogSlate: SlateFontServices - WITH_FREETYPE: 1, WITH_HARFBUZZ: 1
[2019.06.24-21.30.18:564][  0]LogAssetRegistry: FAssetRegistry took 0.0307 seconds to start up
[2019.06.24-21.30.18:802][  0]LogInit: Selected Device Profile: [Windows]
[2019.06.24-21.30.18:844][  0]LogMeshReduction: Using QuadricMeshReduction for automatic static mesh reduction
[2019.06.24-21.30.18:844][  0]LogMeshReduction: Using SimplygonMeshReduction for automatic skeletal mesh reduction
[2019.06.24-21.30.18:844][  0]LogMeshReduction: Using ProxyLODMeshReduction for automatic mesh merging
[2019.06.24-21.30.18:844][  0]LogMeshReduction: No distributed automatic mesh merging module available
[2019.06.24-21.30.18:844][  0]LogMeshMerging: No distributed automatic mesh merging module available
[2019.06.24-21.30.18:913][  0]LogNetVersion: beatabel 1.0.0, NetCL: 5660361, EngineNetVer: 10, GameNetVer: 0 (Checksum: 3364846547)
[2019.06.24-21.30.19:199][  0]LogPackageLocalizationCache: Processed 10 localized package path(s) for 1 prioritized culture(s) in 0.020061 seconds
[2019.06.24-21.30.19:203][  0]LogUObjectArray: 42205 objects as part of root set at end of initial load.
[2019.06.24-21.30.19:203][  0]LogUObjectAllocator: 7325032 out of 0 bytes used by permanent object pool.
[2019.06.24-21.30.19:203][  0]LogUObjectArray: CloseDisregardForGC: 0/0 objects in disregard for GC pool
[2019.06.24-21.30.19:879][  0]LogTcpMessaging: Initializing TcpMessaging bridge
[2019.06.24-21.30.19:896][  0]LogUdpMessaging: Initializing bridge on interface 0.0.0.0:0 to multicast group 230.0.0.1:6666.
[2019.06.24-21.30.19:991][  0]SourceControl: Source control is disabled
[2019.06.24-21.30.19:991][  0]SourceControl: Source control is disabled
[2019.06.24-21.30.19:992][  0]SourceControl: Source control is disabled
[2019.06.24-21.30.19:993][  0]SourceControl: Source control is disabled
[2019.06.24-21.30.20:047][  0]LogAndroidPermission: UAndroidPermissionCallbackProxy::GetInstance
[2019.06.24-21.30.20:109][  0]LogOcInput: OculusInput pre-init called
[2019.06.24-21.30.20:703][  0]LogEngine: Initializing Engine...
[2019.06.24-21.30.20:703][  0]LogHMD: Failed to initialize OpenVR with code 110
[2019.06.24-21.30.20:704][  0]LogStats: UGameplayTagsManager::InitializeManager -  0.000 s
[2019.06.24-21.30.20:860][  0]LogInit: Initializing FReadOnlyCVARCache
[2019.06.24-21.30.20:871][  0]LogAIModule: Creating AISystem for world Untitled
[2019.06.24-21.30.20:881][  0]LogInit: XAudio2 using 'Philips FTV (NVIDIA High Definition Audio)' : 2 channels at 48 kHz using 16 bits per sample (channel mask 0x3)
[2019.06.24-21.30.20:890][  0]LogInit: FAudioDevice initialized.
[2019.06.24-21.30.20:891][  0]LogNetVersion: Set ProjectVersion to 1.0.0.0. Version Checksum will be recalculated on next use.
[2019.06.24-21.30.20:944][  0]LogDerivedDataCache: Saved boot cache 0.05s 72MB C:/Users/menoc/AppData/Local/UnrealEngine/4.22/DerivedDataCache/Boot.ddc.
[2019.06.24-21.30.20:951][  0]LogInit: Texture streaming: Enabled
[2019.06.24-21.30.20:965][  0]LogEngineSessionManager: EngineSessionManager initialized
[2019.06.24-21.30.20:965][  0]LogEngineSessionManager: EngineSessionManager sent abnormal shutdown report. Type=Crashed, SessionId={A83D4043-43BE-E80D-4E9D-99B07A6F06D3}
[2019.06.24-21.30.20:980][  0]LogInit: Transaction tracking system initialized
[2019.06.24-21.30.20:996][  0]BlueprintLog: New page: Editor Load
[2019.06.24-21.30.21:054][  0]LocalizationService: Localization service is disabled
[2019.06.24-21.30.21:132][  0]LogLinker: Warning: Can't find file '/Game/FirstPersonBP/FirstPersonOverview'
[2019.06.24-21.30.21:132][  0]LogLinker: Warning: Can't find file '/Game/FirstPersonBP/FirstPersonOverview'
[2019.06.24-21.30.21:132][  0]LogUObjectGlobals: Warning: Failed to find object 'Class /Game/FirstPersonBP/FirstPersonOverview.FirstPersonOverview_C'
[2019.06.24-21.30.21:279][  0]LogFileCache: Scanning file cache for directory 'C:/Users/menoc/Documents/Unreal Projects/beatabel/Content/' took 0.01s
[2019.06.24-21.30.21:279][  0]LogCook: Display: Max memory allowance for cook 16384mb min free memory 0mb
[2019.06.24-21.30.21:279][  0]LogCook: Display: Mobile HDR setting 1
[2019.06.24-21.30.21:412][  0]SourceControl: Source control is disabled
[2019.06.24-21.30.21:413][  0]Cmd: MAP LOAD FILE="../../../../../../Users/menoc/Documents/Unreal Projects/beatabel/Content/BeatabelBP/Maps/BeatRoom.umap" TEMPLATE=0 SHOWPROGRESS=1 FEATURELEVEL=3
[2019.06.24-21.30.21:413][  0]LightingResults: New page: Lighting Build
[2019.06.24-21.30.21:415][  0]MapCheck: New page: Map Check
[2019.06.24-21.30.21:415][  0]LightingResults: New page: Lighting Build
[2019.06.24-21.30.21:438][  0]LogUObjectHash: Compacting FUObjectHashTables data took   1.30ms
[2019.06.24-21.30.21:632][  0]LogAIModule: Creating AISystem for world BeatRoom
[2019.06.24-21.30.21:639][  0]LogEditorServer: Finished looking for orphan Actors (0.000 secs)
[2019.06.24-21.30.21:663][  0]LogUObjectHash: Compacting FUObjectHashTables data took   1.81ms
[2019.06.24-21.30.21:663][  0]Cmd: MAP CHECKDEP NOCLEARLOG
[2019.06.24-21.30.21:663][  0]MapCheck: Map check complete: 0 Error(s), 0 Warning(s), took 0.173ms to complete.
[2019.06.24-21.30.21:663][  0]LogFileHelpers: Loading map 'BeatRoom' took 0.251
[2019.06.24-21.30.21:745][  0]LogSlate: Updating window title bar state: overlay mode, drag disabled, window buttons hidden, title bar hidden
[2019.06.24-21.30.21:751][  0]LogSlate: Updating window title bar state: overlay mode, drag disabled, window buttons hidden, title bar hidden
[2019.06.24-21.30.21:756][  0]LogSlate: Updating window title bar state: overlay mode, drag disabled, window buttons hidden, title bar hidden
[2019.06.24-21.30.21:761][  0]LogSlate: Updating window title bar state: overlay mode, drag disabled, window buttons hidden, title bar hidden
[2019.06.24-21.30.21:766][  0]LogCollectionManager: Loaded 0 collections in 0.001346 seconds
[2019.06.24-21.30.21:793][  0]LogFileCache: Scanning file cache for directory 'C:/Users/menoc/Documents/Unreal Projects/beatabel/Saved/Collections/' took 0.01s
[2019.06.24-21.30.21:793][  0]LogFileCache: Scanning file cache for directory 'C:/Users/menoc/Documents/Unreal Projects/beatabel/Content/Developers/menoc/Collections/' took 0.01s
[2019.06.24-21.30.21:793][  0]LogFileCache: Scanning file cache for directory 'C:/Users/menoc/Documents/Unreal Projects/beatabel/Content/Collections/' took 0.00s
[2019.06.24-21.30.21:793][  0]LogCollectionManager: Rebuilt the GUID cache for 0 collections in 0.000000 seconds
[2019.06.24-21.30.21:800][  0]LogContentBrowser: Native class hierarchy populated in 0.0069 seconds. Added 2732 classes and 659 folders.
[2019.06.24-21.30.21:805][  0]LogContentBrowser: Native class hierarchy updated for 'WidgetCarousel' in 0.0002 seconds. Added 0 classes and 0 folders.
[2019.06.24-21.30.21:806][  0]LogPakFile: Registered encryption key '00000000000000000000000000000000': 0 pak files mounted, 0 remain pending
[2019.06.24-21.30.21:807][  0]LogPakFile: Registered encryption key '00000000000000000000000000000000': 0 pak files mounted, 0 remain pending
[2019.06.24-21.30.21:807][  0]LogPakFile: Registered encryption key '00000000000000000000000000000000': 0 pak files mounted, 0 remain pending
[2019.06.24-21.30.21:807][  0]LogPakFile: Registered encryption key '00000000000000000000000000000000': 0 pak files mounted, 0 remain pending
[2019.06.24-21.30.21:808][  0]LogPakFile: Registered encryption key '00000000000000000000000000000000': 0 pak files mounted, 0 remain pending
[2019.06.24-21.30.21:808][  0]LogPakFile: Registered encryption key '00000000000000000000000000000000': 0 pak files mounted, 0 remain pending
[2019.06.24-21.30.21:809][  0]LogPakFile: Registered encryption key '00000000000000000000000000000000': 0 pak files mounted, 0 remain pending
[2019.06.24-21.30.21:809][  0]LogPakFile: Registered encryption key '00000000000000000000000000000000': 0 pak files mounted, 0 remain pending
[2019.06.24-21.30.21:809][  0]LogPakFile: Registered encryption key '00000000000000000000000000000000': 0 pak files mounted, 0 remain pending
[2019.06.24-21.30.21:810][  0]LogPakFile: Registered encryption key '00000000000000000000000000000000': 0 pak files mounted, 0 remain pending
[2019.06.24-21.30.21:810][  0]LogPakFile: Registered encryption key '00000000000000000000000000000000': 0 pak files mounted, 0 remain pending
[2019.06.24-21.30.21:810][  0]LogPakFile: Registered encryption key '00000000000000000000000000000000': 0 pak files mounted, 0 remain pending
[2019.06.24-21.30.21:811][  0]LogPakFile: Registered encryption key '00000000000000000000000000000000': 0 pak files mounted, 0 remain pending
[2019.06.24-21.30.21:811][  0]LogPakFile: Registered encryption key '00000000000000000000000000000000': 0 pak files mounted, 0 remain pending
[2019.06.24-21.30.21:812][  0]LogPakFile: Registered encryption key '00000000000000000000000000000000': 0 pak files mounted, 0 remain pending
[2019.06.24-21.30.21:812][  0]LogPakFile: Registered encryption key '00000000000000000000000000000000': 0 pak files mounted, 0 remain pending
[2019.06.24-21.30.21:812][  0]LogPakFile: Registered encryption key '00000000000000000000000000000000': 0 pak files mounted, 0 remain pending
[2019.06.24-21.30.21:813][  0]LogPakFile: Registered encryption key '00000000000000000000000000000000': 0 pak files mounted, 0 remain pending
[2019.06.24-21.30.21:813][  0]LogPakFile: Registered encryption key '00000000000000000000000000000000': 0 pak files mounted, 0 remain pending
[2019.06.24-21.30.21:813][  0]LogPakFile: Registered encryption key '00000000000000000000000000000000': 0 pak files mounted, 0 remain pending
[2019.06.24-21.30.21:814][  0]LogPakFile: Registered encryption key '00000000000000000000000000000000': 0 pak files mounted, 0 remain pending
[2019.06.24-21.30.21:814][  0]LogPakFile: Registered encryption key '00000000000000000000000000000000': 0 pak files mounted, 0 remain pending
[2019.06.24-21.30.21:815][  0]LogPakFile: Registered encryption key '00000000000000000000000000000000': 0 pak files mounted, 0 remain pending
[2019.06.24-21.30.21:815][  0]LogPakFile: Registered encryption key '00000000000000000000000000000000': 0 pak files mounted, 0 remain pending
[2019.06.24-21.30.21:815][  0]LogPakFile: Registered encryption key '00000000000000000000000000000000': 0 pak files mounted, 0 remain pending
[2019.06.24-21.30.21:816][  0]LogPakFile: Registered encryption key '00000000000000000000000000000000': 0 pak files mounted, 0 remain pending
[2019.06.24-21.30.21:845][  0]LogContentBrowser: Native class hierarchy updated for 'AddContentDialog' in 0.0002 seconds. Added 0 classes and 0 folders.
[2019.06.24-21.30.21:849][  0]LogContentBrowser: Native class hierarchy updated for 'SceneOutliner' in 0.0002 seconds. Added 1 classes and 2 folders.
[2019.06.24-21.30.21:903][  0]LogSlate: Took 0.000144 seconds to synchronously load lazily loaded font '../../../Engine/Content/Slate/Fonts/Roboto-Regular.ttf' (155K)
[2019.06.24-21.30.21:905][  0]LogSlate: Took 0.000123 seconds to synchronously load lazily loaded font '../../../Engine/Content/Slate/Fonts/Roboto-Bold.ttf' (160K)
[2019.06.24-21.30.21:907][  0]LogSlate: Took 0.000113 seconds to synchronously load lazily loaded font '../../../Engine/Content/Editor/Slate/Fonts/FontAwesome.ttf' (139K)
[2019.06.24-21.30.21:945][  0]LogRenderer: Reallocating scene render targets to support 1388x684 Format 10 NumSamples 1 (Frame:1).
[2019.06.24-21.30.22:027][  0]LogContentBrowser: Native class hierarchy updated for 'HierarchicalLODOutliner' in 0.0002 seconds. Added 0 classes and 0 folders.
[2019.06.24-21.30.22:027][  0]LogLoad: (Engine Initialization) Total time: 6.81 seconds
[2019.06.24-21.30.22:027][  0]LogLoad: (Engine Initialization) Total Blueprint compile time: 0.00 seconds
[2019.06.24-21.30.22:037][  0]LogWindowsTextInputMethodSystem: Display: IME system now deactivated.
[2019.06.24-21.30.22:054][  0]LogAssetRegistry: Asset discovery search completed in 3.5121 seconds
[2019.06.24-21.30.22:055][  0]LogCollectionManager: Rebuilt the object cache for 0 collections in 0.000000 seconds (found 0 objects)
[2019.06.24-21.30.22:055][  0]LogCollectionManager: Fixed up redirectors for 0 collections in 0.000030 seconds (updated 0 objects)
[2019.06.24-21.30.22:057][  0]LogContentStreaming: Texture pool size now 1000 MB
[2019.06.24-21.30.22:078][  0]LogSlate: Took 0.000181 seconds to synchronously load lazily loaded font '../../../Engine/Content/Slate/Fonts/Roboto-Light.ttf' (167K)
[2019.06.24-21.30.26:358][512]LogSlate: FSceneViewport::OnFocusLost() reason 0
[2019.06.24-21.30.31:997][187]LogSlate: Took 0.000183 seconds to synchronously load lazily loaded font '../../../Engine/Content/Slate/Fonts/Roboto-Light.ttf' (167K)
[2019.06.24-21.30.32:003][187]LogAssetEditorManager: Opening Asset editor for World /Game/BeatabelBP/Maps/BeatRoom.BeatRoom
[2019.06.24-21.30.32:024][187]LogUObjectHash: Compacting FUObjectHashTables data took   0.51ms
[2019.06.24-21.30.32:024][187]Cmd: MAP LOAD FILE="../../../../../../Users/menoc/Documents/Unreal Projects/beatabel/Content/BeatabelBP/Maps/BeatRoom.umap" TEMPLATE=0 SHOWPROGRESS=1 FEATURELEVEL=3
[2019.06.24-21.30.32:024][187]LightingResults: New page: Lighting Build
[2019.06.24-21.30.32:024][187]LoadErrors: New page: Loading map: BeatRoom.umap
[2019.06.24-21.30.32:025][187]MapCheck: New page: Map Check
[2019.06.24-21.30.32:025][187]LightingResults: New page: Lighting Build
[2019.06.24-21.30.32:047][187]LogUObjectHash: Compacting FUObjectHashTables data took   1.24ms
[2019.06.24-21.30.32:063][187]LogAIModule: Creating AISystem for world BeatRoom
[2019.06.24-21.30.32:125][187]LogEditorServer: Finished looking for orphan Actors (0.000 secs)
[2019.06.24-21.30.32:150][187]LogUObjectHash: Compacting FUObjectHashTables data took   1.12ms
[2019.06.24-21.30.32:167][187]Cmd: MAP CHECKDEP NOCLEARLOG
[2019.06.24-21.30.32:167][187]MapCheck: Map check complete: 0 Error(s), 0 Warning(s), took 0.089ms to complete.
[2019.06.24-21.30.32:168][187]LogFileHelpers: Loading map 'BeatRoom' took 0.145
[2019.06.24-21.30.35:057][531]LogAssetEditorManager: Opening Asset editor for World /Game/BeatabelBP/Maps/BeatRoom.BeatRoom
[2019.06.24-21.30.35:078][531]LogUObjectHash: Compacting FUObjectHashTables data took   0.47ms
[2019.06.24-21.30.35:079][531]Cmd: MAP LOAD FILE="../../../../../../Users/menoc/Documents/Unreal Projects/beatabel/Content/BeatabelBP/Maps/BeatRoom.umap" TEMPLATE=0 SHOWPROGRESS=1 FEATURELEVEL=3
[2019.06.24-21.30.35:079][531]LightingResults: New page: Lighting Build
[2019.06.24-21.30.35:079][531]LoadErrors: New page: Loading map: BeatRoom.umap
[2019.06.24-21.30.35:080][531]MapCheck: New page: Map Check
[2019.06.24-21.30.35:080][531]LightingResults: New page: Lighting Build
[2019.06.24-21.30.35:102][531]LogUObjectHash: Compacting FUObjectHashTables data took   0.89ms
[2019.06.24-21.30.35:117][531]LogAIModule: Creating AISystem for world BeatRoom
[2019.06.24-21.30.35:204][531]LogEditorServer: Finished looking for orphan Actors (0.000 secs)
[2019.06.24-21.30.35:229][531]LogUObjectHash: Compacting FUObjectHashTables data took   1.11ms
[2019.06.24-21.30.35:245][531]Cmd: MAP CHECKDEP NOCLEARLOG
[2019.06.24-21.30.35:245][531]MapCheck: Map check complete: 0 Error(s), 0 Warning(s), took 0.084ms to complete.
[2019.06.24-21.30.35:245][531]LogFileHelpers: Loading map 'BeatRoom' took 0.167
[2019.06.24-21.30.37:155][756]LogLinker: Warning: Can't find file '/Game/BeatabelBP/Maps/ScrollingBlocksMap_BuiltData'
[2019.06.24-21.30.37:155][756]LogLinker: Warning: Can't find file for asset '/Game/BeatabelBP/Maps/ScrollingBlocksMap_BuiltData' while loading NULL.
[2019.06.24-21.30.37:156][756]LogLinker: Warning: Can't find file '/Game/BeatabelBP/Maps/ScrollingBlocksMap_BuiltData'
[2019.06.24-21.30.37:156][756]LogLinker: Warning: Can't find file for asset '/Game/BeatabelBP/Maps/ScrollingBlocksMap_BuiltData' while loading NULL.
[2019.06.24-21.30.37:158][756]LogLinker: Warning: Can't find file '/Game/BeatabelBP/Maps/ScrollingBlocksMap_BuiltData'
[2019.06.24-21.30.37:158][756]LogLinker: Warning: Can't find file for asset '/Game/BeatabelBP/Maps/ScrollingBlocksMap_BuiltData' while loading NULL.
[2019.06.24-21.30.37:158][756]LogLinker: Warning: Can't find file '/Game/BeatabelBP/Maps/ScrollingBlocksMap_BuiltData'
[2019.06.24-21.30.37:158][756]LogLinker: Warning: Can't find file for asset '/Game/BeatabelBP/Maps/ScrollingBlocksMap_BuiltData' while loading NULL.
[2019.06.24-21.30.37:161][756]LogLinker: Warning: Can't find file '/Game/BeatabelBP/Maps/ScrollingBlocksMap_BuiltData'
[2019.06.24-21.30.37:161][756]LoadErrors: Failed to load /Game/BeatabelBP/Maps/ScrollingBlocksMap_BuiltData.ScrollingBlocksMap_BuiltData Referenced by PersistentLevel
[2019.06.24-21.30.37:161][756]LogLinker: Warning: Can't find file for asset '/Game/BeatabelBP/Maps/ScrollingBlocksMap_BuiltData' while loading NULL.
[2019.06.24-21.30.37:163][756]LogAIModule: Creating AISystem for world ScrollingBlocksMap
[2019.06.24-21.30.38:908][960]LogUObjectHash: Compacting FUObjectHashTables data took   1.15ms
[2019.06.24-21.30.40:055][960]LogSlate: Window 'Delete Assets' being destroyed
[2019.06.24-21.30.40:060][960]LogUObjectGlobals: Force Deleting 1 Package(s):
	Asset Name: /Game/BeatabelBP/Maps/ScrollingBlocksMap.ScrollingBlocksMap
[2019.06.24-21.30.50:000][960]LogSlate: Window 'Message' being destroyed
[2019.06.24-21.30.50:096][960]LogUObjectHash: Compacting FUObjectHashTables data took   0.51ms
[2019.06.24-21.30.51:699][139]LogUObjectHash: Compacting FUObjectHashTables data took   0.47ms
[2019.06.24-21.30.54:420][139]LogSlate: Window 'Save Content' being destroyed
[2019.06.24-21.30.54:435][139]LogOutputDevice: Warning: 

Script Stack (0 frames):

[2019.06.24-21.30.54:435][139]LogWindows: Windows GetLastError: The operation completed successfully. (0)
[2019.06.24-21.30.55:147][139]LogWindows: Error: === Critical error: ===
[2019.06.24-21.30.55:147][139]LogWindows: Error: 
[2019.06.24-21.30.55:147][139]LogWindows: Error: Assertion failed: World [File:D:\Build\++UE4\Sync\Engine\Source\Runtime\Engine\Private\Actor.cpp] [Line: 4293] 
[2019.06.24-21.30.55:147][139]LogWindows: Error: 
[2019.06.24-21.30.55:147][139]LogWindows: Error: 
[2019.06.24-21.30.55:147][139]LogWindows: Error: 
[2019.06.24-21.30.55:147][139]LogWindows: Error: [Callstack] 0x00007fff29a2a388 KERNELBASE.dll!UnknownFunction []
[2019.06.24-21.30.55:147][139]LogWindows: Error: [Callstack] 0x00007ffeb3071f07 UE4Editor-Core.dll!UnknownFunction []
[2019.06.24-21.30.55:147][139]LogWindows: Error: [Callstack] 0x00007ffeb30746b7 UE4Editor-Core.dll!UnknownFunction []
[2019.06.24-21.30.55:147][139]LogWindows: Error: [Callstack] 0x00007ffeb2e87cea UE4Editor-Core.dll!UnknownFunction []
[2019.06.24-21.30.55:147][139]LogWindows: Error: [Callstack] 0x00007ffeb2e0fe07 UE4Editor-Core.dll!UnknownFunction []
[2019.06.24-21.30.55:147][139]LogWindows: Error: [Callstack] 0x00007ffeb2e10499 UE4Editor-Core.dll!UnknownFunction []
[2019.06.24-21.30.55:147][139]LogWindows: Error: [Callstack] 0x00007ffeae6fe5af UE4Editor-Engine.dll!UnknownFunction []
[2019.06.24-21.30.55:147][139]LogWindows: Error: [Callstack] 0x00007ffeaef0957b UE4Editor-Engine.dll!UnknownFunction []
[2019.06.24-21.30.55:147][139]LogWindows: Error: [Callstack] 0x00007ffeaf7ee650 UE4Editor-Engine.dll!UnknownFunction []
[2019.06.24-21.30.55:147][139]LogWindows: Error: [Callstack] 0x00007ffeacd48319 UE4Editor-UnrealEd.dll!UnknownFunction []
[2019.06.24-21.30.55:147][139]LogWindows: Error: [Callstack] 0x00007ffeacd59be9 UE4Editor-UnrealEd.dll!UnknownFunction []
[2019.06.24-21.30.55:147][139]LogWindows: Error: [Callstack] 0x00007ffeacd5a757 UE4Editor-UnrealEd.dll!UnknownFunction []
[2019.06.24-21.30.55:147][139]LogWindows: Error: [Callstack] 0x00007ffeacd8fce4 UE4Editor-UnrealEd.dll!UnknownFunction []
[2019.06.24-21.30.55:147][139]LogWindows: Error: [Callstack] 0x00007ffeacd8c5b5 UE4Editor-UnrealEd.dll!UnknownFunction []
[2019.06.24-21.30.55:147][139]LogWindows: Error: [Callstack] 0x00007ffead51e54a UE4Editor-UnrealEd.dll!UnknownFunction []
[2019.06.24-21.30.55:147][139]LogWindows: Error: [Callstack] 0x00007ffead0f54f7 UE4Editor-UnrealEd.dll!UnknownFunction []
[2019.06.24-21.30.55:147][139]LogWindows: Error: [Callstack] 0x00007ffead0f2bf1 UE4Editor-UnrealEd.dll!UnknownFunction []
[2019.06.24-21.30.55:147][139]LogWindows: Error: [Callstack] 0x00007ffead0cd68f UE4Editor-UnrealEd.dll!UnknownFunction []
[2019.06.24-21.30.55:147][139]LogWindows: Error: [Callstack] 0x00007ffead0cc2d9 UE4Editor-UnrealEd.dll!UnknownFunction []
[2019.06.24-21.30.55:147][139]LogWindows: Error: [Callstack] 0x00007ffead0dfde2 UE4Editor-UnrealEd.dll!UnknownFunction []
[2019.06.24-21.30.55:147][139]LogWindows: Error: [Callstack] 0x00007ffead0f2383 UE4Editor-UnrealEd.dll!UnknownFunction []
[2019.06.24-21.30.55:147][139]LogWindows: Error: [Callstack] 0x00007ffe9d2e0cc6 UE4Editor-MainFrame.dll!UnknownFunction []
[2019.06.24-21.30.55:147][139]LogWindows: Error: [Callstack] 0x00007ffe9d2e121e UE4Editor-MainFrame.dll!UnknownFunction []
[2019.06.24-21.30.55:147][139]LogWindows: Error: [Callstack] 0x00007ffeb9aa1854 UE4Editor-SlateCore.dll!UnknownFunction []
[2019.06.24-21.30.55:147][139]LogWindows: Error: [Callstack] 0x00007ffeae056950 UE4Editor-Slate.dll!UnknownFunction []
[2019.06.24-21.30.55:147][139]LogWindows: Error: [Callstack] 0x00007ffeae0614d4 UE4Editor-Slate.dll!UnknownFunction []
[2019.06.24-21.30.55:147][139]LogWindows: Error: [Callstack] 0x00007ffeae1d2a12 UE4Editor-Slate.dll!UnknownFunction []
[2019.06.24-21.30.55:147][139]LogWindows: Error: [Callstack] 0x00007ffeae024021 UE4Editor-Slate.dll!UnknownFunction []
[2019.06.24-21.30.55:147][139]LogWindows: Error: [Callstack] 0x00007ffeae0a0301 UE4Editor-Slate.dll!UnknownFunction []
[2019.06.24-21.30.55:147][139]LogWindows: Error: [Callstack] 0x00007ffeae08aaca UE4Editor-Slate.dll!UnknownFunction []
[2019.06.24-21.30.55:147][139]LogWindows: Error: [Callstack] 0x00007ffeae080414 UE4Editor-Slate.dll!UnknownFunction []
[2019.06.24-21.30.55:147][139]LogWindows: Error: [Callstack] 0x00007ffef50db8e0 UE4Editor-ApplicationCore.dll!UnknownFunction []
[2019.06.24-21.30.55:147][139]LogWindows: Error: [Callstack] 0x00007ffef50cef9f UE4Editor-ApplicationCore.dll!UnknownFunction []
[2019.06.24-21.30.55:147][139]LogWindows: Error: [Callstack] 0x00007ffef50dd77f UE4Editor-ApplicationCore.dll!UnknownFunction []
[2019.06.24-21.30.55:147][139]LogWindows: Error: [Callstack] 0x00007ffef50cc090 UE4Editor-ApplicationCore.dll!UnknownFunction []
[2019.06.24-21.30.55:147][139]LogWindows: Error: [Callstack] 0x00007fff2b4c6cc1 USER32.dll!UnknownFunction []
[2019.06.24-21.30.55:147][139]LogWindows: Error: [Callstack] 0x00007fff2b4c6693 USER32.dll!UnknownFunction []
[2019.06.24-21.30.55:147][139]LogWindows: Error: [Callstack] 0x00007ffef50de946 UE4Editor-ApplicationCore.dll!UnknownFunction []
[2019.06.24-21.30.55:147][139]LogWindows: Error: [Callstack] 0x00007ff626405d3e UE4Editor.exe!UnknownFunction []
[2019.06.24-21.30.55:147][139]LogWindows: Error: [Callstack] 0x00007ff62641554c UE4Editor.exe!UnknownFunction []
[2019.06.24-21.30.55:147][139]LogWindows: Error: [Callstack] 0x00007ff6264155ca UE4Editor.exe!UnknownFunction []
[2019.06.24-21.30.55:147][139]LogWindows: Error: [Callstack] 0x00007ff62642316c UE4Editor.exe!UnknownFunction []
[2019.06.24-21.30.55:147][139]LogWindows: Error: [Callstack] 0x00007ff626425b8e UE4Editor.exe!UnknownFunction []
[2019.06.24-21.30.55:147][139]LogWindows: Error: [Callstack] 0x00007fff2aa43034 KERNEL32.DLL!UnknownFunction []
[2019.06.24-21.30.55:147][139]LogWindows: Error: [Callstack] 0x00007fff2d611431 ntdll.dll!UnknownFunction []
[2019.06.24-21.30.55:147][139]LogWindows: Error: 
[2019.06.24-21.30.55:157][139]LogExit: Executing StaticShutdownAfterError
[2019.06.24-21.30.55:159][139]LogWindows: FPlatformMisc::RequestExit(1)
[2019.06.24-21.30.55:164][139]Log file closed, 06/24/19 23:30:55
